2019-05-30 09:54:37,036 |  | INFO org.springframework.boot.SpringApplication [main] No active profile set, falling back to default profiles: default
2019-05-30 09:54:43,237 |  | INFO org.springframework.boot.StartupInfoLogger [main] Started ParentsControllerTest in 11.764 seconds (JVM running for 15.09)
2019-05-30 09:54:43,433 |  | INFO com.everis.ejercicio1.configlogg.Slf4jMdcFilter [main] Sí está vacío.
2019-05-30 09:54:43,441 | AC95C3220FBB4ADD8FD8C36AF9557518 | INFO com.everis.ejercicio1.configlogg.Slf4jMdcFilter [main] responseHeader no está vacío.
2019-05-30 09:56:58,406 |  | INFO org.springframework.boot.SpringApplication [main] No active profile set, falling back to default profiles: default
2019-05-30 09:57:02,276 |  | INFO org.springframework.boot.StartupInfoLogger [main] Started ParentsControllerTest in 8.565 seconds (JVM running for 10.637)
2019-05-30 09:57:02,390 |  | INFO com.everis.ejercicio1.configlogg.Slf4jMdcFilter [main] Sí está vacío.
2019-05-30 09:57:02,405 | 9C6643D8417848ED8871511C82BD6388 | INFO com.everis.ejercicio1.configlogg.Slf4jMdcFilter [main] responseHeader no está vacío.
2019-05-30 10:06:29,103 |  | INFO org.springframework.boot.SpringApplication [main] No active profile set, falling back to default profiles: default
2019-05-30 10:06:32,325 |  | INFO org.springframework.boot.StartupInfoLogger [main] Started ParentsControllerTest in 7.706 seconds (JVM running for 9.307)
2019-05-30 10:06:32,428 |  | INFO com.everis.ejercicio1.configlogg.Slf4jMdcFilter [main] Sí está vacío.
2019-05-30 10:06:32,428 | 32AB1A2619F741C390F3FEBD40C8BBAF | INFO com.everis.ejercicio1.configlogg.Slf4jMdcFilter [main] responseHeader no está vacío.
2019-05-30 10:06:32,502 | 32AB1A2619F741C390F3FEBD40C8BBAF | INFO com.everis.ejercicio1.controller.RestParentsController [main] listado de parientes
2019-05-30 10:07:22,583 |  | INFO org.springframework.boot.SpringApplication [main] No active profile set, falling back to default profiles: default
2019-05-30 10:07:25,703 |  | INFO org.springframework.boot.StartupInfoLogger [main] Started ParentsControllerTest in 7.56 seconds (JVM running for 9.445)
2019-05-30 10:07:25,790 |  | INFO com.everis.ejercicio1.configlogg.Slf4jMdcFilter [main] Sí está vacío.
2019-05-30 10:07:25,791 | 777D3362D2FD48EAB36FE2497D978442 | INFO com.everis.ejercicio1.configlogg.Slf4jMdcFilter [main] responseHeader no está vacío.
2019-05-30 10:07:25,827 | 777D3362D2FD48EAB36FE2497D978442 | INFO com.everis.ejercicio1.controller.RestParentsController [main] listado de parientes
2019-05-30 10:35:23,705 |  | INFO org.springframework.boot.SpringApplication [main] No active profile set, falling back to default profiles: default
2019-05-30 10:35:27,033 |  | INFO org.springframework.boot.StartupInfoLogger [main] Started ParentsControllerTest in 8.324 seconds (JVM running for 9.88)
2019-05-30 10:35:27,162 |  | INFO com.everis.ejercicio1.configlogg.Slf4jMdcFilter [main] Sí está vacío.
2019-05-30 10:35:27,163 | A085CBFFB8934906B3DC01BD7690CA6F | INFO com.everis.ejercicio1.configlogg.Slf4jMdcFilter [main] responseHeader no está vacío.
2019-05-30 10:37:40,352 |  | INFO org.springframework.boot.SpringApplication [main] No active profile set, falling back to default profiles: default
2019-05-30 10:37:43,497 |  | INFO org.springframework.boot.StartupInfoLogger [main] Started ParentsControllerTest in 7.683 seconds (JVM running for 9.367)
2019-05-30 10:37:43,582 |  | INFO com.everis.ejercicio1.configlogg.Slf4jMdcFilter [main] Sí está vacío.
2019-05-30 10:37:43,582 | E204734096234930B6D4B51713774F25 | INFO com.everis.ejercicio1.configlogg.Slf4jMdcFilter [main] responseHeader no está vacío.
2019-05-30 10:39:45,796 |  | INFO org.springframework.boot.SpringApplication [main] No active profile set, falling back to default profiles: default
2019-05-30 10:39:48,994 |  | INFO org.springframework.boot.StartupInfoLogger [main] Started ParentsControllerTest in 7.783 seconds (JVM running for 9.43)
2019-05-30 10:39:49,102 |  | INFO com.everis.ejercicio1.configlogg.Slf4jMdcFilter [main] Sí está vacío.
2019-05-30 10:39:49,103 | 66632C113E324AD8A7503AB50D0C13B8 | INFO com.everis.ejercicio1.configlogg.Slf4jMdcFilter [main] responseHeader no está vacío.
2019-05-30 10:54:53,145 |  | INFO org.springframework.boot.SpringApplication [main] No active profile set, falling back to default profiles: default
2019-05-30 10:54:59,706 |  | DEBUG org.springframework.web.filter.GenericFilterBean [main] Filter 'slf4jMdcFilter' configured for use
2019-05-30 10:55:14,859 |  | INFO org.springframework.boot.StartupInfoLogger [main] Started Ejercicio1Application in 26.272 seconds (JVM running for 27.736)
2019-05-30 10:55:41,889 |  | INFO com.everis.ejercicio1.configlogg.Slf4jMdcFilter [https-jsse-nio-2222-exec-5] Sí está vacío.
2019-05-30 10:55:41,891 | 5206F01F7CEE43DEA340379F10900052 | INFO com.everis.ejercicio1.configlogg.Slf4jMdcFilter [https-jsse-nio-2222-exec-5] responseHeader no está vacío.
2019-05-30 10:55:41,917 | 5206F01F7CEE43DEA340379F10900052 | INFO com.everis.ejercicio1.controller.RestParentsController [https-jsse-nio-2222-exec-5] listado de parientes
2019-05-30 10:55:51,434 |  | INFO com.everis.ejercicio1.configlogg.Slf4jMdcFilter [https-jsse-nio-2222-exec-6] Sí está vacío.
2019-05-30 10:55:51,435 | 9CBECF09C23D42FBB4378D841088F5DC | INFO com.everis.ejercicio1.configlogg.Slf4jMdcFilter [https-jsse-nio-2222-exec-6] responseHeader no está vacío.
2019-05-30 11:01:24,111 |  | INFO org.springframework.boot.SpringApplication [main] No active profile set, falling back to default profiles: default
2019-05-30 11:01:27,552 |  | INFO org.springframework.boot.StartupInfoLogger [main] Started ParentsControllerTest in 8.005 seconds (JVM running for 10.112)
2019-05-30 11:01:27,645 |  | INFO com.everis.ejercicio1.configlogg.Slf4jMdcFilter [main] Sí está vacío.
2019-05-30 11:01:27,646 | 33F13431AF48464A904B43D087956239 | INFO com.everis.ejercicio1.configlogg.Slf4jMdcFilter [main] responseHeader no está vacío.
2019-05-30 11:01:52,893 |  | INFO org.springframework.boot.SpringApplication [main] No active profile set, falling back to default profiles: default
2019-05-30 11:01:56,234 |  | INFO org.springframework.boot.StartupInfoLogger [main] Started ParentsControllerTest in 8.176 seconds (JVM running for 9.9)
2019-05-30 11:01:56,322 |  | INFO com.everis.ejercicio1.configlogg.Slf4jMdcFilter [main] Sí está vacío.
2019-05-30 11:01:56,323 | 0552623BCBFA4016B1B9C50E033D9326 | INFO com.everis.ejercicio1.configlogg.Slf4jMdcFilter [main] responseHeader no está vacío.
2019-05-30 11:04:31,133 |  | INFO org.springframework.boot.SpringApplication [main] No active profile set, falling back to default profiles: default
2019-05-30 11:04:34,418 |  | INFO org.springframework.boot.StartupInfoLogger [main] Started ParentsControllerTest in 7.73 seconds (JVM running for 9.418)
2019-05-30 11:04:34,512 |  | INFO com.everis.ejercicio1.configlogg.Slf4jMdcFilter [main] Sí está vacío.
2019-05-30 11:04:34,513 | C1B413E69082423B8F119024FE07A80D | INFO com.everis.ejercicio1.configlogg.Slf4jMdcFilter [main] responseHeader no está vacío.
2019-05-30 11:05:01,718 |  | INFO org.springframework.boot.SpringApplication [main] No active profile set, falling back to default profiles: default
2019-05-30 11:05:05,002 |  | INFO org.springframework.boot.StartupInfoLogger [main] Started ParentsControllerTest in 7.9 seconds (JVM running for 9.644)
2019-05-30 11:05:05,110 |  | INFO com.everis.ejercicio1.configlogg.Slf4jMdcFilter [main] Sí está vacío.
2019-05-30 11:05:05,112 | BB4FDADD5E48488A9D66AF473D21ECC7 | INFO com.everis.ejercicio1.configlogg.Slf4jMdcFilter [main] responseHeader no está vacío.
2019-05-30 11:19:46,333 |  | INFO org.springframework.boot.SpringApplication [main] No active profile set, falling back to default profiles: default
2019-05-30 11:19:49,487 |  | INFO org.springframework.boot.StartupInfoLogger [main] Started ParentsControllerTest in 7.744 seconds (JVM running for 9.439)
2019-05-30 11:19:49,591 |  | INFO com.everis.ejercicio1.configlogg.Slf4jMdcFilter [main] Sí está vacío.
2019-05-30 11:19:49,594 | D7E6748CAE38497EBFE13C0364B44C5B | INFO com.everis.ejercicio1.configlogg.Slf4jMdcFilter [main] responseHeader no está vacío.
2019-05-30 11:21:25,022 |  | INFO org.springframework.boot.SpringApplication [main] No active profile set, falling back to default profiles: default
2019-05-30 11:21:28,243 |  | INFO org.springframework.boot.StartupInfoLogger [main] Started ParentsControllerTest in 7.93 seconds (JVM running for 9.786)
2019-05-30 11:21:28,328 |  | INFO com.everis.ejercicio1.configlogg.Slf4jMdcFilter [main] Sí está vacío.
2019-05-30 11:21:28,328 | F9479E197FA3414DB6BF9526F9BA0417 | INFO com.everis.ejercicio1.configlogg.Slf4jMdcFilter [main] responseHeader no está vacío.
2019-05-30 11:22:12,380 |  | INFO org.springframework.boot.SpringApplication [main] No active profile set, falling back to default profiles: default
2019-05-30 11:22:15,749 |  | INFO org.springframework.boot.StartupInfoLogger [main] Started ParentsControllerTest in 7.806 seconds (JVM running for 9.836)
2019-05-30 11:22:15,842 |  | INFO com.everis.ejercicio1.configlogg.Slf4jMdcFilter [main] Sí está vacío.
2019-05-30 11:22:15,842 | A09B294752C147EFB7487924683C8BBB | INFO com.everis.ejercicio1.configlogg.Slf4jMdcFilter [main] responseHeader no está vacío.
2019-05-30 11:23:56,363 |  | INFO org.springframework.boot.SpringApplication [main] No active profile set, falling back to default profiles: default
2019-05-30 11:23:59,445 |  | INFO org.springframework.boot.StartupInfoLogger [main] Started ParentsControllerTest in 7.661 seconds (JVM running for 9.181)
2019-05-30 11:23:59,533 |  | INFO com.everis.ejercicio1.configlogg.Slf4jMdcFilter [main] Sí está vacío.
2019-05-30 11:23:59,534 | 494E368ACA8B4545A7140FAC7BBB04AE | INFO com.everis.ejercicio1.configlogg.Slf4jMdcFilter [main] responseHeader no está vacío.
2019-05-30 11:24:45,461 |  | INFO org.springframework.boot.SpringApplication [main] No active profile set, falling back to default profiles: default
2019-05-30 11:24:49,115 |  | INFO org.springframework.boot.StartupInfoLogger [main] Started ParentsControllerTest in 8.298 seconds (JVM running for 10.061)
2019-05-30 11:24:49,238 |  | INFO com.everis.ejercicio1.configlogg.Slf4jMdcFilter [main] Sí está vacío.
2019-05-30 11:24:49,239 | C0A8DD3841344AFDB5574D2231D4FB4F | INFO com.everis.ejercicio1.configlogg.Slf4jMdcFilter [main] responseHeader no está vacío.
2019-05-30 11:30:41,003 |  | INFO org.springframework.boot.SpringApplication [main] No active profile set, falling back to default profiles: default
2019-05-30 11:30:46,375 |  | DEBUG org.springframework.web.filter.GenericFilterBean [main] Filter 'slf4jMdcFilter' configured for use
2019-05-30 11:30:55,509 |  | INFO org.springframework.boot.StartupInfoLogger [main] Started Ejercicio1Application in 18.7 seconds (JVM running for 20.103)
2019-05-30 11:31:00,628 |  | INFO com.everis.ejercicio1.configlogg.Slf4jMdcFilter [https-jsse-nio-2222-exec-5] Sí está vacío.
2019-05-30 11:31:00,630 | DAD1E25199C94368AA8C4D8B4742C3F3 | INFO com.everis.ejercicio1.configlogg.Slf4jMdcFilter [https-jsse-nio-2222-exec-5] responseHeader no está vacío.
2019-05-30 11:31:22,380 |  | INFO org.springframework.boot.SpringApplication [main] No active profile set, falling back to default profiles: default
2019-05-30 11:31:25,864 |  | INFO org.springframework.boot.StartupInfoLogger [main] Started ParentsControllerTest in 8.168 seconds (JVM running for 9.865)
2019-05-30 11:31:25,949 |  | INFO com.everis.ejercicio1.configlogg.Slf4jMdcFilter [main] Sí está vacío.
2019-05-30 11:31:25,950 | 966DF61651FA44C699C39E0B71E0C6BF | INFO com.everis.ejercicio1.configlogg.Slf4jMdcFilter [main] responseHeader no está vacío.
2019-05-30 11:31:55,126 |  | INFO org.springframework.boot.SpringApplication [main] No active profile set, falling back to default profiles: default
2019-05-30 11:31:58,407 |  | INFO org.springframework.boot.StartupInfoLogger [main] Started ParentsControllerTest in 7.862 seconds (JVM running for 9.573)
2019-05-30 11:31:58,498 |  | INFO com.everis.ejercicio1.configlogg.Slf4jMdcFilter [main] Sí está vacío.
2019-05-30 11:31:58,499 | 39E67056068C4E838592FA7C52B349D6 | INFO com.everis.ejercicio1.configlogg.Slf4jMdcFilter [main] responseHeader no está vacío.
2019-05-30 11:32:52,994 |  | INFO com.everis.ejercicio1.configlogg.Slf4jMdcFilter [https-jsse-nio-2222-exec-1] Sí está vacío.
2019-05-30 11:32:52,994 | AB65D38992614AA2BD3FA2109F87F625 | INFO com.everis.ejercicio1.configlogg.Slf4jMdcFilter [https-jsse-nio-2222-exec-1] responseHeader no está vacío.
2019-05-30 11:32:57,966 |  | INFO com.everis.ejercicio1.configlogg.Slf4jMdcFilter [https-jsse-nio-2222-exec-2] Sí está vacío.
2019-05-30 11:32:57,967 | 2D3A4BC7EE494F969A78EE82A47D4C61 | INFO com.everis.ejercicio1.configlogg.Slf4jMdcFilter [https-jsse-nio-2222-exec-2] responseHeader no está vacío.
2019-05-30 11:33:38,439 |  | INFO com.everis.ejercicio1.configlogg.Slf4jMdcFilter [https-jsse-nio-2222-exec-3] Sí está vacío.
2019-05-30 11:33:38,440 | BCB6B9F5685A42148E81300D3D740A87 | INFO com.everis.ejercicio1.configlogg.Slf4jMdcFilter [https-jsse-nio-2222-exec-3] responseHeader no está vacío.
2019-05-30 11:33:38,441 | BCB6B9F5685A42148E81300D3D740A87 | INFO com.everis.ejercicio1.controller.RestParentsController [https-jsse-nio-2222-exec-3] listado de parientes
2019-05-30 11:33:49,891 |  | INFO com.everis.ejercicio1.configlogg.Slf4jMdcFilter [https-jsse-nio-2222-exec-4] Sí está vacío.
2019-05-30 11:33:49,892 | 5720232570814841837C7B99EC5DD702 | INFO com.everis.ejercicio1.configlogg.Slf4jMdcFilter [https-jsse-nio-2222-exec-4] responseHeader no está vacío.
2019-05-30 12:20:18,164 |  | INFO com.everis.ejercicio1.configlogg.Slf4jMdcFilter [https-jsse-nio-2222-exec-1] Sí está vacío.
2019-05-30 12:20:18,165 | E0A94C5ADFC44E4C9CF7D8290FCB133C | INFO com.everis.ejercicio1.configlogg.Slf4jMdcFilter [https-jsse-nio-2222-exec-1] responseHeader no está vacío.
2019-05-30 12:28:06,557 |  | INFO org.springframework.boot.SpringApplication [main] No active profile set, falling back to default profiles: default
2019-05-30 12:28:09,993 |  | INFO org.springframework.boot.StartupInfoLogger [main] Started ParentsControllerTest in 8.198 seconds (JVM running for 10.178)
2019-05-30 12:28:10,118 |  | INFO com.everis.ejercicio1.configlogg.Slf4jMdcFilter [main] Sí está vacío.
2019-05-30 12:28:10,119 | 3E90AD9F841D482D8F6550A12F7A7169 | INFO com.everis.ejercicio1.configlogg.Slf4jMdcFilter [main] responseHeader no está vacío.
2019-05-30 12:28:58,731 |  | INFO org.springframework.boot.SpringApplication [main] No active profile set, falling back to default profiles: default
2019-05-30 12:29:02,415 |  | INFO org.springframework.boot.StartupInfoLogger [main] Started ParentsControllerTest in 8.358 seconds (JVM running for 9.897)
2019-05-30 12:29:02,520 |  | INFO com.everis.ejercicio1.configlogg.Slf4jMdcFilter [main] Sí está vacío.
2019-05-30 12:29:02,521 | B4613873CC984EB794AED00266EAF767 | INFO com.everis.ejercicio1.configlogg.Slf4jMdcFilter [main] responseHeader no está vacío.
2019-05-30 13:16:26,640 |  | INFO org.springframework.boot.SpringApplication [main] No active profile set, falling back to default profiles: default
2019-05-30 13:16:29,995 |  | INFO org.springframework.boot.StartupInfoLogger [main] Started ParentsControllerTest in 7.971 seconds (JVM running for 9.966)
2019-05-30 13:16:30,090 |  | INFO com.everis.ejercicio1.configlogg.Slf4jMdcFilter [main] Sí está vacío.
2019-05-30 13:16:30,091 | 11C03A65D5CF438491860637BCD4B1E0 | INFO com.everis.ejercicio1.configlogg.Slf4jMdcFilter [main] responseHeader no está vacío.
2019-05-30 13:17:09,430 |  | INFO org.springframework.boot.SpringApplication [main] No active profile set, falling back to default profiles: default
2019-05-30 13:17:12,823 |  | INFO org.springframework.boot.StartupInfoLogger [main] Started ParentsControllerTest in 8.078 seconds (JVM running for 9.779)
2019-05-30 13:17:12,933 |  | INFO com.everis.ejercicio1.configlogg.Slf4jMdcFilter [main] Sí está vacío.
2019-05-30 13:17:12,933 | 4E4E0C08A2C148D39FA04CC0E0C116E8 | INFO com.everis.ejercicio1.configlogg.Slf4jMdcFilter [main] responseHeader no está vacío.
2019-05-30 13:17:12,964 | 4E4E0C08A2C148D39FA04CC0E0C116E8 | INFO com.everis.ejercicio1.controller.RestParentsController [main] listado de parientes
2019-05-30 13:18:11,141 |  | INFO org.springframework.boot.SpringApplication [main] No active profile set, falling back to default profiles: default
2019-05-30 13:18:14,521 |  | INFO org.springframework.boot.StartupInfoLogger [main] Started ParentsControllerTest in 8.608 seconds (JVM running for 10.517)
2019-05-30 13:18:14,614 |  | INFO com.everis.ejercicio1.configlogg.Slf4jMdcFilter [main] Sí está vacío.
2019-05-30 13:18:14,614 | 4ACB378D26494C2F9F1C83CEBBCDF345 | INFO com.everis.ejercicio1.configlogg.Slf4jMdcFilter [main] responseHeader no está vacío.
2019-05-30 13:42:23,013 |  | INFO org.springframework.boot.SpringApplication [main] No active profile set, falling back to default profiles: default
2019-05-30 13:42:27,479 |  | INFO org.springframework.boot.StartupInfoLogger [main] Started ParentsControllerTest in 9.48 seconds (JVM running for 14.628)
2019-05-30 13:42:27,570 |  | INFO com.everis.ejercicio1.configlogg.Slf4jMdcFilter [main] Sí está vacío.
2019-05-30 13:42:27,571 | F3F91C65A378476C8718E0212737D31C | INFO com.everis.ejercicio1.configlogg.Slf4jMdcFilter [main] responseHeader no está vacío.
2019-05-30 13:55:55,538 |  | INFO org.springframework.boot.SpringApplication [main] No active profile set, falling back to default profiles: default
2019-05-30 13:55:59,821 |  | INFO org.springframework.boot.StartupInfoLogger [main] Started ParentsControllerTest in 8.86 seconds (JVM running for 11.953)
2019-05-30 13:58:50,442 |  | INFO org.springframework.boot.SpringApplication [main] No active profile set, falling back to default profiles: default
2019-05-30 13:58:54,353 |  | INFO org.springframework.boot.StartupInfoLogger [main] Started ParentsControllerTest in 9.001 seconds (JVM running for 10.579)
2019-05-30 13:58:54,439 |  | INFO com.everis.ejercicio1.configlogg.Slf4jMdcFilter [main] Sí está vacío.
2019-05-30 13:58:54,439 | AA0DC0AFC2CE4613B2674E2EC5565B18 | INFO com.everis.ejercicio1.configlogg.Slf4jMdcFilter [main] responseHeader no está vacío.
2019-05-30 14:22:38,885 |  | INFO org.springframework.boot.SpringApplication [main] No active profile set, falling back to default profiles: default
2019-05-30 14:22:43,742 |  | INFO org.springframework.boot.StartupInfoLogger [main] Started ParentsControllerTest in 9.56 seconds (JVM running for 11.52)
2019-05-30 14:22:43,831 |  | INFO com.everis.ejercicio1.configlogg.Slf4jMdcFilter [main] Sí está vacío.
2019-05-30 14:22:43,836 | 3B265877FCDC4DC4B2A1573F87118110 | INFO com.everis.ejercicio1.configlogg.Slf4jMdcFilter [main] responseHeader no está vacío.
2019-05-30 14:23:30,059 |  | INFO org.springframework.boot.SpringApplication [main] No active profile set, falling back to default profiles: default
2019-05-30 14:23:33,726 |  | INFO org.springframework.boot.StartupInfoLogger [main] Started ParentsControllerTest in 8.406 seconds (JVM running for 10.107)
2019-05-30 14:23:33,826 |  | INFO com.everis.ejercicio1.configlogg.Slf4jMdcFilter [main] Sí está vacío.
2019-05-30 14:23:33,827 | 531CF55BBCF14672B51A5705B9BE905F | INFO com.everis.ejercicio1.configlogg.Slf4jMdcFilter [main] responseHeader no está vacío.
2019-05-30 14:24:10,182 |  | INFO org.springframework.boot.SpringApplication [main] No active profile set, falling back to default profiles: default
2019-05-30 14:24:14,118 |  | INFO org.springframework.boot.StartupInfoLogger [main] Started ParentsControllerTest in 8.797 seconds (JVM running for 11.226)
2019-05-30 14:24:14,222 |  | INFO com.everis.ejercicio1.configlogg.Slf4jMdcFilter [main] Sí está vacío.
2019-05-30 14:24:14,224 | EF80A701D37F440F91ABBE23DA8FBCE4 | INFO com.everis.ejercicio1.configlogg.Slf4jMdcFilter [main] responseHeader no está vacío.
2019-05-30 14:25:51,903 |  | INFO org.springframework.boot.SpringApplication [main] No active profile set, falling back to default profiles: default
2019-05-30 14:25:55,511 |  | INFO org.springframework.boot.StartupInfoLogger [main] Started ParentsControllerTest in 8.539 seconds (JVM running for 10.379)
2019-05-30 14:25:55,621 |  | INFO com.everis.ejercicio1.configlogg.Slf4jMdcFilter [main] Sí está vacío.
2019-05-30 14:25:55,636 | 72621B91E89143479531EB003DACC7FE | INFO com.everis.ejercicio1.configlogg.Slf4jMdcFilter [main] responseHeader no está vacío.
2019-05-30 14:31:25,004 |  | INFO org.springframework.boot.SpringApplication [main] No active profile set, falling back to default profiles: default
2019-05-30 14:31:28,552 |  | INFO org.springframework.boot.StartupInfoLogger [main] Started ParentsControllerTest in 8.089 seconds (JVM running for 9.776)
2019-05-30 14:31:28,662 |  | INFO com.everis.ejercicio1.configlogg.Slf4jMdcFilter [main] Sí está vacío.
2019-05-30 14:31:28,663 | 5AA7A0C732E749939CCCA3201A117737 | INFO com.everis.ejercicio1.configlogg.Slf4jMdcFilter [main] responseHeader no está vacío.
2019-05-30 14:32:09,486 |  | INFO org.springframework.boot.SpringApplication [main] No active profile set, falling back to default profiles: default
2019-05-30 14:32:12,966 |  | INFO org.springframework.boot.StartupInfoLogger [main] Started ParentsControllerTest in 8.211 seconds (JVM running for 10.212)
2019-05-30 14:32:13,050 |  | INFO com.everis.ejercicio1.configlogg.Slf4jMdcFilter [main] Sí está vacío.
2019-05-30 14:32:13,056 | 385CCF79130149CEA91F76878F94AFCA | INFO com.everis.ejercicio1.configlogg.Slf4jMdcFilter [main] responseHeader no está vacío.
2019-05-30 14:36:01,331 |  | INFO org.springframework.boot.SpringApplication [main] No active profile set, falling back to default profiles: default
2019-05-30 14:36:08,627 |  | DEBUG org.springframework.web.filter.GenericFilterBean [main] Filter 'slf4jMdcFilter' configured for use
2019-05-30 14:36:20,312 |  | INFO org.springframework.boot.StartupInfoLogger [main] Started Ejercicio1Application in 23.252 seconds (JVM running for 24.554)
2019-05-30 14:36:34,876 |  | INFO com.everis.ejercicio1.configlogg.Slf4jMdcFilter [https-jsse-nio-2222-exec-5] Sí está vacío.
2019-05-30 14:36:34,877 | F8A51FE28F5345B59EE1D6728A1AA904 | INFO com.everis.ejercicio1.configlogg.Slf4jMdcFilter [https-jsse-nio-2222-exec-5] responseHeader no está vacío.
2019-05-30 14:36:44,235 |  | INFO com.everis.ejercicio1.configlogg.Slf4jMdcFilter [https-jsse-nio-2222-exec-6] Sí está vacío.
2019-05-30 14:36:44,236 | A42A0DD9ACFF4DF1BAE0365D01AF50E6 | INFO com.everis.ejercicio1.configlogg.Slf4jMdcFilter [https-jsse-nio-2222-exec-6] responseHeader no está vacío.
2019-05-30 14:36:51,877 |  | INFO com.everis.ejercicio1.configlogg.Slf4jMdcFilter [https-jsse-nio-2222-exec-7] Sí está vacío.
2019-05-30 14:36:51,878 | 1A8EA4E601C440448E250E1ED41175D7 | INFO com.everis.ejercicio1.configlogg.Slf4jMdcFilter [https-jsse-nio-2222-exec-7] responseHeader no está vacío.
2019-05-30 14:36:51,880 | 1A8EA4E601C440448E250E1ED41175D7 | INFO com.everis.ejercicio1.controller.RestParentsController [https-jsse-nio-2222-exec-7] listado de parientes
2019-05-30 14:40:52,936 |  | INFO com.everis.ejercicio1.configlogg.Slf4jMdcFilter [https-jsse-nio-2222-exec-4] Sí está vacío.
2019-05-30 14:40:52,937 | CD2AA31CC7CE46BC8E415A066A502351 | INFO com.everis.ejercicio1.configlogg.Slf4jMdcFilter [https-jsse-nio-2222-exec-4] responseHeader no está vacío.
2019-05-30 14:40:58,941 |  | INFO com.everis.ejercicio1.configlogg.Slf4jMdcFilter [https-jsse-nio-2222-exec-5] Sí está vacío.
2019-05-30 14:40:58,942 | D7B00D56C7284B28BBF550893F2319EB | INFO com.everis.ejercicio1.configlogg.Slf4jMdcFilter [https-jsse-nio-2222-exec-5] responseHeader no está vacío.
2019-05-30 14:41:06,453 |  | INFO com.everis.ejercicio1.configlogg.Slf4jMdcFilter [https-jsse-nio-2222-exec-6] Sí está vacío.
2019-05-30 14:41:06,454 | 276D4666DB3A4539A8184566233777FE | INFO com.everis.ejercicio1.configlogg.Slf4jMdcFilter [https-jsse-nio-2222-exec-6] responseHeader no está vacío.
2019-05-30 14:41:06,456 | 276D4666DB3A4539A8184566233777FE | INFO com.everis.ejercicio1.controller.RestParentsController [https-jsse-nio-2222-exec-6] listado de parientes
2019-05-30 14:44:25,111 |  | INFO org.springframework.boot.SpringApplication [main] No active profile set, falling back to default profiles: default
2019-05-30 14:44:30,746 |  | INFO org.springframework.boot.StartupInfoLogger [main] Started ParentsControllerTest in 11.061 seconds (JVM running for 16.367)
2019-05-30 14:44:30,842 |  | INFO com.everis.ejercicio1.configlogg.Slf4jMdcFilter [main] Sí está vacío.
2019-05-30 14:44:30,842 | 12D5A8C9026442C7A22FEF10B79A9AB1 | INFO com.everis.ejercicio1.configlogg.Slf4jMdcFilter [main] responseHeader no está vacío.
2019-05-30 14:45:42,188 |  | INFO org.springframework.boot.SpringApplication [main] No active profile set, falling back to default profiles: default
2019-05-30 14:45:45,395 |  | INFO org.springframework.boot.StartupInfoLogger [main] Started ParentsControllerTest in 8.797 seconds (JVM running for 11.577)
2019-05-30 14:45:45,484 |  | INFO com.everis.ejercicio1.configlogg.Slf4jMdcFilter [main] Sí está vacío.
2019-05-30 14:45:45,486 | 15F6AF60862842CE9DF128C5A132998E | INFO com.everis.ejercicio1.configlogg.Slf4jMdcFilter [main] responseHeader no está vacío.
2019-05-30 14:46:36,100 |  | INFO org.springframework.boot.SpringApplication [main] No active profile set, falling back to default profiles: default
2019-05-30 14:46:39,361 |  | INFO org.springframework.boot.StartupInfoLogger [main] Started ParentsControllerTest in 7.977 seconds (JVM running for 9.562)
2019-05-30 14:46:39,468 |  | INFO com.everis.ejercicio1.configlogg.Slf4jMdcFilter [main] Sí está vacío.
2019-05-30 14:46:39,469 | FD4BF5E04F654603B9571E9C07296E81 | INFO com.everis.ejercicio1.configlogg.Slf4jMdcFilter [main] responseHeader no está vacío.
2019-05-30 14:47:21,164 |  | INFO org.springframework.boot.SpringApplication [main] No active profile set, falling back to default profiles: default
2019-05-30 14:47:24,561 |  | INFO org.springframework.boot.StartupInfoLogger [main] Started ParentsControllerTest in 7.899 seconds (JVM running for 9.971)
2019-05-30 14:47:24,643 |  | INFO com.everis.ejercicio1.configlogg.Slf4jMdcFilter [main] Sí está vacío.
2019-05-30 14:47:24,647 | 439232A43ACA4E50840E1FDEFD57C201 | INFO com.everis.ejercicio1.configlogg.Slf4jMdcFilter [main] responseHeader no está vacío.
2019-05-30 14:48:09,696 |  | INFO org.springframework.boot.SpringApplication [main] No active profile set, falling back to default profiles: default
2019-05-30 14:48:13,275 |  | INFO org.springframework.boot.StartupInfoLogger [main] Started ParentsControllerTest in 8.205 seconds (JVM running for 10.192)
2019-05-30 14:48:13,365 |  | INFO com.everis.ejercicio1.configlogg.Slf4jMdcFilter [main] Sí está vacío.
2019-05-30 14:48:13,367 | 51616BF667114184BB6C5D93406736ED | INFO com.everis.ejercicio1.configlogg.Slf4jMdcFilter [main] responseHeader no está vacío.
2019-05-30 14:49:00,427 |  | INFO org.springframework.boot.SpringApplication [main] No active profile set, falling back to default profiles: default
2019-05-30 14:49:03,680 |  | INFO org.springframework.boot.StartupInfoLogger [main] Started ParentsControllerTest in 7.775 seconds (JVM running for 9.493)
2019-05-30 14:49:03,770 |  | INFO com.everis.ejercicio1.configlogg.Slf4jMdcFilter [main] Sí está vacío.
2019-05-30 14:49:03,772 | 45E7578D36394E0883D3B06CC3F1EF1B | INFO com.everis.ejercicio1.configlogg.Slf4jMdcFilter [main] responseHeader no está vacío.
2019-05-30 14:51:03,509 |  | INFO org.springframework.boot.SpringApplication [main] No active profile set, falling back to default profiles: default
2019-05-30 14:51:07,373 |  | INFO org.springframework.boot.StartupInfoLogger [main] Started ParentsControllerTest in 8.556 seconds (JVM running for 10.09)
2019-05-30 14:51:07,499 |  | INFO com.everis.ejercicio1.configlogg.Slf4jMdcFilter [main] Sí está vacío.
2019-05-30 14:51:07,515 | F1D8C2135D4D45699F58939C64C834F7 | INFO com.everis.ejercicio1.configlogg.Slf4jMdcFilter [main] responseHeader no está vacío.
2019-05-30 14:51:31,380 |  | INFO org.springframework.boot.SpringApplication [main] No active profile set, falling back to default profiles: default
2019-05-30 14:51:34,835 |  | INFO org.springframework.boot.StartupInfoLogger [main] Started ParentsControllerTest in 7.951 seconds (JVM running for 9.897)
2019-05-30 14:51:34,924 |  | INFO com.everis.ejercicio1.configlogg.Slf4jMdcFilter [main] Sí está vacío.
2019-05-30 14:51:34,925 | 9D13DB8FD6FD47BFAEDE4FD6B293638C | INFO com.everis.ejercicio1.configlogg.Slf4jMdcFilter [main] responseHeader no está vacío.
2019-05-30 14:52:02,358 |  | INFO org.springframework.boot.SpringApplication [main] No active profile set, falling back to default profiles: default
2019-05-30 14:52:05,787 |  | INFO org.springframework.boot.StartupInfoLogger [main] Started ParentsControllerTest in 8.039 seconds (JVM running for 9.868)
2019-05-30 14:52:05,898 |  | INFO com.everis.ejercicio1.configlogg.Slf4jMdcFilter [main] Sí está vacío.
2019-05-30 14:52:05,900 | B613A2B70C42418DAD4E9A7644BB9644 | INFO com.everis.ejercicio1.configlogg.Slf4jMdcFilter [main] responseHeader no está vacío.
2019-05-30 14:57:38,486 |  | INFO org.springframework.boot.SpringApplication [main] No active profile set, falling back to default profiles: default
2019-05-30 14:57:41,863 |  | INFO org.springframework.boot.StartupInfoLogger [main] Started ParentsControllerTest in 8.092 seconds (JVM running for 9.695)
2019-05-30 14:57:41,955 |  | INFO com.everis.ejercicio1.configlogg.Slf4jMdcFilter [main] Sí está vacío.
2019-05-30 14:57:41,957 | EB5734EC3C55459FABD23695B0D7149B | INFO com.everis.ejercicio1.configlogg.Slf4jMdcFilter [main] responseHeader no está vacío.
2019-05-30 14:58:46,794 |  | INFO org.springframework.boot.SpringApplication [main] No active profile set, falling back to default profiles: default
2019-05-30 14:58:50,080 |  | INFO org.springframework.boot.StartupInfoLogger [main] Started ParentsControllerTest in 7.988 seconds (JVM running for 9.669)
2019-05-30 14:58:50,193 |  | INFO com.everis.ejercicio1.configlogg.Slf4jMdcFilter [main] Sí está vacío.
2019-05-30 14:58:50,195 | 275484E8075F47989B4B2327F9DB6C0A | INFO com.everis.ejercicio1.configlogg.Slf4jMdcFilter [main] responseHeader no está vacío.
2019-05-30 15:00:16,820 |  | INFO org.springframework.boot.SpringApplication [main] No active profile set, falling back to default profiles: default
2019-05-30 15:00:20,522 |  | INFO org.springframework.boot.StartupInfoLogger [main] Started ParentsControllerTest in 8.421 seconds (JVM running for 10.165)
2019-05-30 15:00:20,630 |  | INFO com.everis.ejercicio1.configlogg.Slf4jMdcFilter [main] Sí está vacío.
2019-05-30 15:00:20,634 | D6FCF09FDC0F49C8BA26087B9E0DE209 | INFO com.everis.ejercicio1.configlogg.Slf4jMdcFilter [main] responseHeader no está vacío.
2019-05-30 15:00:43,332 |  | INFO org.springframework.boot.SpringApplication [main] No active profile set, falling back to default profiles: default
2019-05-30 15:00:46,577 |  | INFO org.springframework.boot.StartupInfoLogger [main] Started ParentsControllerTest in 7.752 seconds (JVM running for 9.284)
2019-05-30 15:00:46,660 |  | INFO com.everis.ejercicio1.configlogg.Slf4jMdcFilter [main] Sí está vacío.
2019-05-30 15:00:46,672 | 084C1A19D9014532AA6400D8F665CE06 | INFO com.everis.ejercicio1.configlogg.Slf4jMdcFilter [main] responseHeader no está vacío.
2019-05-30 15:01:48,581 |  | INFO org.springframework.boot.SpringApplication [main] No active profile set, falling back to default profiles: default
2019-05-30 15:01:51,820 |  | INFO org.springframework.boot.StartupInfoLogger [main] Started ParentsControllerTest in 7.931 seconds (JVM running for 9.472)
2019-05-30 15:01:51,915 |  | INFO com.everis.ejercicio1.configlogg.Slf4jMdcFilter [main] Sí está vacío.
2019-05-30 15:01:51,917 | 84614C63D291495B8DDF5EDE89286A73 | INFO com.everis.ejercicio1.configlogg.Slf4jMdcFilter [main] responseHeader no está vacío.
2019-05-30 15:03:13,832 |  | INFO org.springframework.boot.SpringApplication [main] No active profile set, falling back to default profiles: default
2019-05-30 15:03:17,726 |  | INFO org.springframework.boot.StartupInfoLogger [main] Started ParentsControllerTest in 8.385 seconds (JVM running for 10.21)
2019-05-30 15:03:17,814 |  | INFO com.everis.ejercicio1.configlogg.Slf4jMdcFilter [main] Sí está vacío.
2019-05-30 15:03:17,815 | 28DF1E354B5B44FD990D39AE0DB87943 | INFO com.everis.ejercicio1.configlogg.Slf4jMdcFilter [main] responseHeader no está vacío.
2019-05-30 15:07:30,133 |  | INFO org.springframework.boot.SpringApplication [main] No active profile set, falling back to default profiles: default
2019-05-30 15:07:33,609 |  | INFO org.springframework.boot.StartupInfoLogger [main] Started ParentsControllerTest in 8.052 seconds (JVM running for 9.564)
2019-05-30 15:07:33,706 |  | INFO com.everis.ejercicio1.configlogg.Slf4jMdcFilter [main] Sí está vacío.
2019-05-30 15:07:33,706 | CFFA0718EBAB44B7B2D4EE03945B781A | INFO com.everis.ejercicio1.configlogg.Slf4jMdcFilter [main] responseHeader no está vacío.
2019-05-30 15:07:34,016 |  | INFO com.everis.ejercicio1.configlogg.Slf4jMdcFilter [main] Sí está vacío.
2019-05-30 15:07:34,017 | 8C481D73FB3D4C44BE99BA3E552D1BFF | INFO com.everis.ejercicio1.configlogg.Slf4jMdcFilter [main] responseHeader no está vacío.
2019-05-30 15:07:34,033 |  | INFO com.everis.ejercicio1.configlogg.Slf4jMdcFilter [main] Sí está vacío.
2019-05-30 15:07:34,034 | 6E8E1338C9D04B4F96C76D85B1D24EB7 | INFO com.everis.ejercicio1.configlogg.Slf4jMdcFilter [main] responseHeader no está vacío.
2019-05-30 15:07:34,079 |  | INFO com.everis.ejercicio1.configlogg.Slf4jMdcFilter [main] Sí está vacío.
2019-05-30 15:07:34,079 | B03DC2C7BD954F55BDA55DCD01E0D19D | INFO com.everis.ejercicio1.configlogg.Slf4jMdcFilter [main] responseHeader no está vacío.
2019-05-30 15:07:34,081 | B03DC2C7BD954F55BDA55DCD01E0D19D | INFO com.everis.ejercicio1.controller.RestParentsController [main] listado de parientes
2019-05-30 15:07:34,104 |  | INFO com.everis.ejercicio1.configlogg.Slf4jMdcFilter [main] Sí está vacío.
2019-05-30 15:07:34,104 | 566A46A454494270AF35BA9151578880 | INFO com.everis.ejercicio1.configlogg.Slf4jMdcFilter [main] responseHeader no está vacío.
2019-05-30 15:08:09,198 |  | INFO org.springframework.boot.SpringApplication [main] No active profile set, falling back to default profiles: default
2019-05-30 15:08:12,763 |  | INFO org.springframework.boot.StartupInfoLogger [main] Started ParentsControllerTest in 8.431 seconds (JVM running for 10.417)
2019-05-30 15:08:12,970 |  | INFO com.everis.ejercicio1.configlogg.Slf4jMdcFilter [main] Sí está vacío.
2019-05-30 15:08:12,971 | 2100CE8CFEF245E58B15EBAA38485B9C | INFO com.everis.ejercicio1.configlogg.Slf4jMdcFilter [main] responseHeader no está vacío.
2019-05-30 15:09:37,395 |  | INFO org.springframework.boot.SpringApplication [main] No active profile set, falling back to default profiles: default
2019-05-30 15:09:41,428 |  | INFO org.springframework.boot.StartupInfoLogger [main] Started ParentsControllerTest in 9.259 seconds (JVM running for 11.161)
2019-05-30 15:09:41,542 |  | INFO com.everis.ejercicio1.configlogg.Slf4jMdcFilter [main] Sí está vacío.
2019-05-30 15:09:41,543 | 1D2BC49098BC49C89D5EFB3EE17E59DD | INFO com.everis.ejercicio1.configlogg.Slf4jMdcFilter [main] responseHeader no está vacío.
2019-05-30 15:15:58,698 |  | INFO org.springframework.boot.SpringApplication [main] No active profile set, falling back to default profiles: default
2019-05-30 15:16:02,289 |  | INFO org.springframework.boot.StartupInfoLogger [main] Started ParentsControllerTest in 8.131 seconds (JVM running for 10.112)
2019-05-30 15:16:02,464 |  | INFO com.everis.ejercicio1.configlogg.Slf4jMdcFilter [main] Sí está vacío.
2019-05-30 15:16:02,465 | 9D4154958BE7472F90B2D0F97AD853FC | INFO com.everis.ejercicio1.configlogg.Slf4jMdcFilter [main] responseHeader no está vacío.
2019-05-30 15:16:27,649 |  | INFO org.springframework.boot.SpringApplication [main] No active profile set, falling back to default profiles: default
2019-05-30 15:16:31,050 |  | INFO org.springframework.boot.StartupInfoLogger [main] Started ParentsControllerTest in 8.192 seconds (JVM running for 9.778)
2019-05-30 15:16:31,320 |  | INFO com.everis.ejercicio1.configlogg.Slf4jMdcFilter [main] Sí está vacío.
2019-05-30 15:16:31,321 | 11763A286F084371954026E196733494 | INFO com.everis.ejercicio1.configlogg.Slf4jMdcFilter [main] responseHeader no está vacío.
2019-05-30 15:19:48,204 |  | INFO org.springframework.boot.SpringApplication [main] No active profile set, falling back to default profiles: default
2019-05-30 15:19:51,403 |  | INFO org.springframework.boot.StartupInfoLogger [main] Started ParentsControllerTest in 7.738 seconds (JVM running for 9.424)
2019-05-30 15:19:51,590 |  | INFO com.everis.ejercicio1.configlogg.Slf4jMdcFilter [main] Sí está vacío.
2019-05-30 15:19:51,590 | FBCBBBD877E749A09D3F4EED64CD22CA | INFO com.everis.ejercicio1.configlogg.Slf4jMdcFilter [main] responseHeader no está vacío.
2019-05-30 15:21:01,190 |  | INFO org.springframework.boot.SpringApplication [main] No active profile set, falling back to default profiles: default
2019-05-30 15:21:04,542 |  | INFO org.springframework.boot.StartupInfoLogger [main] Started ParentsControllerTest in 8.081 seconds (JVM running for 9.603)
2019-05-30 15:21:04,803 |  | INFO com.everis.ejercicio1.configlogg.Slf4jMdcFilter [main] Sí está vacío.
2019-05-30 15:21:04,804 | 9B79FCED89C54CE286C317833E40225D | INFO com.everis.ejercicio1.configlogg.Slf4jMdcFilter [main] responseHeader no está vacío.
2019-05-30 15:22:14,571 |  | INFO org.springframework.boot.SpringApplication [main] No active profile set, falling back to default profiles: default
2019-05-30 15:22:18,187 |  | INFO org.springframework.boot.StartupInfoLogger [main] Started ParentsControllerTest in 8.214 seconds (JVM running for 10.179)
2019-05-30 15:22:18,309 |  | INFO com.everis.ejercicio1.configlogg.Slf4jMdcFilter [main] Sí está vacío.
2019-05-30 15:22:18,310 | B41A9A36F97245F5B32CFBC506A8671F | INFO com.everis.ejercicio1.configlogg.Slf4jMdcFilter [main] responseHeader no está vacío.
2019-05-30 15:22:57,412 |  | INFO org.springframework.boot.SpringApplication [main] No active profile set, falling back to default profiles: default
2019-05-30 15:23:00,688 |  | INFO org.springframework.boot.StartupInfoLogger [main] Started ParentsControllerTest in 7.812 seconds (JVM running for 9.799)
2019-05-30 15:23:00,799 |  | INFO com.everis.ejercicio1.configlogg.Slf4jMdcFilter [main] Sí está vacío.
2019-05-30 15:23:00,800 | CEA7CF07B2D649B290D586A729B212A7 | INFO com.everis.ejercicio1.configlogg.Slf4jMdcFilter [main] responseHeader no está vacío.
2019-05-30 15:23:39,853 |  | INFO org.springframework.boot.SpringApplication [main] No active profile set, falling back to default profiles: default
2019-05-30 15:23:43,101 |  | INFO org.springframework.boot.StartupInfoLogger [main] Started ParentsControllerTest in 7.797 seconds (JVM running for 9.426)
2019-05-30 15:23:43,197 |  | INFO com.everis.ejercicio1.configlogg.Slf4jMdcFilter [main] Sí está vacío.
2019-05-30 15:23:43,200 | C1E67A4233594877A817550238AAB14C | INFO com.everis.ejercicio1.configlogg.Slf4jMdcFilter [main] responseHeader no está vacío.
2019-05-30 15:24:12,683 |  | INFO org.springframework.boot.SpringApplication [main] No active profile set, falling back to default profiles: default
2019-05-30 15:24:16,381 |  | INFO org.springframework.boot.StartupInfoLogger [main] Started ParentsControllerTest in 8.192 seconds (JVM running for 9.768)
2019-05-30 15:24:16,472 |  | INFO com.everis.ejercicio1.configlogg.Slf4jMdcFilter [main] Sí está vacío.
2019-05-30 15:24:16,475 | 131B782A4A324F948AD39C5BFCA50DC1 | INFO com.everis.ejercicio1.configlogg.Slf4jMdcFilter [main] responseHeader no está vacío.
2019-05-30 15:24:58,777 |  | INFO org.springframework.boot.SpringApplication [main] No active profile set, falling back to default profiles: default
2019-05-30 15:25:02,358 |  | INFO org.springframework.boot.StartupInfoLogger [main] Started ParentsControllerTest in 8.328 seconds (JVM running for 9.924)
2019-05-30 15:25:02,563 |  | INFO com.everis.ejercicio1.configlogg.Slf4jMdcFilter [main] Sí está vacío.
2019-05-30 15:25:02,565 | 95C85B5CAB754212AA4B6108BB322C50 | INFO com.everis.ejercicio1.configlogg.Slf4jMdcFilter [main] responseHeader no está vacío.
2019-05-30 15:28:49,797 |  | INFO org.springframework.boot.SpringApplication [main] No active profile set, falling back to default profiles: default
2019-05-30 15:28:53,187 |  | INFO org.springframework.boot.StartupInfoLogger [main] Started ParentsControllerTest in 7.832 seconds (JVM running for 9.692)
2019-05-30 15:28:53,274 |  | INFO com.everis.ejercicio1.configlogg.Slf4jMdcFilter [main] Sí está vacío.
2019-05-30 15:28:53,275 | 679750DC81124830AA44B369CEF30DAD | INFO com.everis.ejercicio1.configlogg.Slf4jMdcFilter [main] responseHeader no está vacío.
2019-05-30 15:28:53,497 |  | INFO com.everis.ejercicio1.configlogg.Slf4jMdcFilter [main] Sí está vacío.
2019-05-30 15:28:53,498 | 37135B8F7345411B94787F88937E70F6 | INFO com.everis.ejercicio1.configlogg.Slf4jMdcFilter [main] responseHeader no está vacío.
2019-05-30 15:28:53,515 |  | INFO com.everis.ejercicio1.configlogg.Slf4jMdcFilter [main] Sí está vacío.
2019-05-30 15:28:53,516 | D0A83AFC909342389145D030B9E0CF00 | INFO com.everis.ejercicio1.configlogg.Slf4jMdcFilter [main] responseHeader no está vacío.
2019-05-30 15:28:53,845 |  | INFO com.everis.ejercicio1.configlogg.Slf4jMdcFilter [main] Sí está vacío.
2019-05-30 15:28:53,845 | ABF8A6A4FD0C4010999B00FCBB39DD34 | INFO com.everis.ejercicio1.configlogg.Slf4jMdcFilter [main] responseHeader no está vacío.
2019-05-30 15:28:53,846 | ABF8A6A4FD0C4010999B00FCBB39DD34 | INFO com.everis.ejercicio1.controller.RestParentsController [main] listado de parientes
2019-05-30 15:28:53,862 |  | INFO com.everis.ejercicio1.configlogg.Slf4jMdcFilter [main] Sí está vacío.
2019-05-30 15:28:53,863 | 7D0AB18BCD294C9D90B2DDB3F87B88B3 | INFO com.everis.ejercicio1.configlogg.Slf4jMdcFilter [main] responseHeader no está vacío.
2019-05-30 16:06:52,737 |  | INFO org.springframework.boot.SpringApplication [main] No active profile set, falling back to default profiles: default
2019-05-30 16:06:58,876 |  | DEBUG org.springframework.web.filter.GenericFilterBean [main] Filter 'slf4jMdcFilter' configured for use
2019-05-30 16:07:17,507 |  | INFO org.springframework.boot.StartupInfoLogger [main] Started Ejercicio1Application in 28.918 seconds (JVM running for 30.127)
2019-05-30 16:07:31,671 |  | INFO com.everis.ejercicio1.configlogg.Slf4jMdcFilter [https-jsse-nio-2222-exec-4] Sí está vacío.
2019-05-30 16:07:31,672 | 4509ED86F1D64F8D9C1078E72834E152 | INFO com.everis.ejercicio1.configlogg.Slf4jMdcFilter [https-jsse-nio-2222-exec-4] responseHeader no está vacío.
2019-05-30 16:07:32,007 | 4509ED86F1D64F8D9C1078E72834E152 | INFO com.everis.ejercicio1.controller.RestParentsController [https-jsse-nio-2222-exec-4] listado de parientes
2019-05-30 16:08:19,619 |  | INFO com.everis.ejercicio1.configlogg.Slf4jMdcFilter [https-jsse-nio-2222-exec-6] Sí está vacío.
2019-05-30 16:08:19,619 | C9E1A589F24F4A57B665E55273328F5F | INFO com.everis.ejercicio1.configlogg.Slf4jMdcFilter [https-jsse-nio-2222-exec-6] responseHeader no está vacío.
2019-05-30 16:08:19,750 | C9E1A589F24F4A57B665E55273328F5F | INFO com.everis.ejercicio1.service.ParentsServiceImpl [https-jsse-nio-2222-exec-6] Parent es: true
2019-05-30 16:08:19,750 | C9E1A589F24F4A57B665E55273328F5F | INFO com.everis.ejercicio1.service.ParentsServiceImpl [https-jsse-nio-2222-exec-6] getGender: M
2019-05-30 16:08:19,751 | C9E1A589F24F4A57B665E55273328F5F | INFO com.everis.ejercicio1.service.ParentsServiceImpl [https-jsse-nio-2222-exec-6] getFirstName: Rene
2019-05-30 16:08:19,751 | C9E1A589F24F4A57B665E55273328F5F | INFO com.everis.ejercicio1.service.ParentsServiceImpl [https-jsse-nio-2222-exec-6] getMiddleName: Romo
2019-05-30 16:08:19,751 | C9E1A589F24F4A57B665E55273328F5F | INFO com.everis.ejercicio1.service.ParentsServiceImpl [https-jsse-nio-2222-exec-6] getLastName: Pinedo
2019-05-30 16:08:19,752 | C9E1A589F24F4A57B665E55273328F5F | INFO com.everis.ejercicio1.service.ParentsServiceImpl [https-jsse-nio-2222-exec-6] getOtherParentDetails: 
2019-05-30 16:08:20,030 | C9E1A589F24F4A57B665E55273328F5F | INFO com.everis.ejercicio1.controller.RestParentsController [https-jsse-nio-2222-exec-6] Se creo con exito a Rene Pinedo
2019-05-30 16:08:31,273 |  | INFO com.everis.ejercicio1.configlogg.Slf4jMdcFilter [https-jsse-nio-2222-exec-7] Sí está vacío.
2019-05-30 16:08:31,274 | D1007E0E2E3047BB84541B9D24003A1F | INFO com.everis.ejercicio1.configlogg.Slf4jMdcFilter [https-jsse-nio-2222-exec-7] responseHeader no está vacío.
2019-05-30 16:08:31,277 | D1007E0E2E3047BB84541B9D24003A1F | INFO com.everis.ejercicio1.controller.RestParentsController [https-jsse-nio-2222-exec-7] listado de parientes
2019-05-30 16:47:39,410 |  | INFO com.everis.ejercicio1.configlogg.Slf4jMdcFilter [https-jsse-nio-2222-exec-3] Sí está vacío.
2019-05-30 16:47:39,411 | BB843A85F72B4A0B9A50719C955EC0E4 | INFO com.everis.ejercicio1.configlogg.Slf4jMdcFilter [https-jsse-nio-2222-exec-3] responseHeader no está vacío.
2019-05-30 16:47:39,440 | BB843A85F72B4A0B9A50719C955EC0E4 | INFO com.everis.ejercicio1.controller.RestStudentsController [https-jsse-nio-2222-exec-3] lista ok
2019-05-30 17:55:25,070 |  | INFO org.springframework.boot.SpringApplication [main] No active profile set, falling back to default profiles: default
2019-05-30 17:55:29,156 |  | INFO org.springframework.boot.StartupInfoLogger [main] Started StudentsControllerTest in 7.593 seconds (JVM running for 10.147)
2019-05-30 17:55:29,333 |  | INFO com.everis.ejercicio1.configlogg.Slf4jMdcFilter [main] Sí está vacío.
2019-05-30 17:55:29,333 | 1DE2A32C93374CCAB9AD0943C41BD162 | INFO com.everis.ejercicio1.configlogg.Slf4jMdcFilter [main] responseHeader no está vacío.
2019-05-30 18:10:52,787 |  | INFO org.springframework.boot.SpringApplication [main] No active profile set, falling back to default profiles: default
2019-05-30 18:10:56,286 |  | INFO org.springframework.boot.StartupInfoLogger [main] Started ParentsControllerTest in 6.054 seconds (JVM running for 8.234)
2019-05-30 18:10:56,533 |  | INFO com.everis.ejercicio1.configlogg.Slf4jMdcFilter [main] Sí está vacío.
2019-05-30 18:10:56,536 | 2B75448F73CA42D98E0BA46FA5FF3B81 | INFO com.everis.ejercicio1.configlogg.Slf4jMdcFilter [main] responseHeader no está vacío.
2019-05-30 18:35:23,708 |  | INFO org.springframework.boot.SpringApplication [main] No active profile set, falling back to default profiles: default
2019-05-30 18:35:27,387 |  | INFO org.springframework.boot.StartupInfoLogger [main] Started StudentsControllerTest in 6.382 seconds (JVM running for 8.376)
2019-05-30 18:35:27,439 |  | INFO com.everis.ejercicio1.configlogg.Slf4jMdcFilter [main] Sí está vacío.
2019-05-30 18:35:27,441 | 00F6141C3C4A49609A55A306EBED8790 | INFO com.everis.ejercicio1.configlogg.Slf4jMdcFilter [main] responseHeader no está vacío.
2019-05-30 18:36:47,662 |  | INFO org.springframework.boot.SpringApplication [main] No active profile set, falling back to default profiles: default
2019-05-30 18:36:50,905 |  | INFO org.springframework.boot.StartupInfoLogger [main] Started StudentsControllerTest in 5.963 seconds (JVM running for 7.838)
2019-05-30 18:36:50,952 |  | INFO com.everis.ejercicio1.configlogg.Slf4jMdcFilter [main] Sí está vacío.
2019-05-30 18:36:50,954 | A2DC121E6B504EB499DC3B65C6C8695B | INFO com.everis.ejercicio1.configlogg.Slf4jMdcFilter [main] responseHeader no está vacío.
2019-05-30 18:37:41,927 |  | INFO org.springframework.boot.SpringApplication [main] No active profile set, falling back to default profiles: default
2019-05-30 18:37:45,088 |  | INFO org.springframework.boot.StartupInfoLogger [main] Started ParentsControllerTest in 5.966 seconds (JVM running for 8.204)
2019-05-30 18:37:45,181 |  | INFO com.everis.ejercicio1.configlogg.Slf4jMdcFilter [main] Sí está vacío.
2019-05-30 18:37:45,182 | 4642F8A8A90E49A7A88200C4306F6419 | INFO com.everis.ejercicio1.configlogg.Slf4jMdcFilter [main] responseHeader no está vacío.
2019-05-30 18:40:38,470 |  | INFO org.springframework.boot.SpringApplication [main] No active profile set, falling back to default profiles: default
2019-05-30 18:40:42,136 |  | INFO org.springframework.boot.StartupInfoLogger [main] Started StudentsControllerTest in 6.504 seconds (JVM running for 8.33)
2019-05-30 18:40:42,201 |  | INFO com.everis.ejercicio1.configlogg.Slf4jMdcFilter [main] Sí está vacío.
2019-05-30 18:40:42,203 | 5D7E832D0A1F4A468F718FD07DC99137 | INFO com.everis.ejercicio1.configlogg.Slf4jMdcFilter [main] responseHeader no está vacío.
2019-05-30 18:42:25,695 |  | INFO org.springframework.boot.SpringApplication [main] No active profile set, falling back to default profiles: default
2019-05-30 18:42:29,553 |  | INFO org.springframework.boot.StartupInfoLogger [main] Started StudentsControllerTest in 6.508 seconds (JVM running for 8.456)
2019-05-30 18:42:29,613 |  | INFO com.everis.ejercicio1.configlogg.Slf4jMdcFilter [main] Sí está vacío.
2019-05-30 18:42:29,615 | 9DB68AB89CB246E59AD8D6CA0D029572 | INFO com.everis.ejercicio1.configlogg.Slf4jMdcFilter [main] responseHeader no está vacío.
2019-05-30 18:43:02,670 |  | INFO org.springframework.boot.SpringApplication [main] No active profile set, falling back to default profiles: default
2019-05-30 18:43:06,487 |  | INFO org.springframework.boot.StartupInfoLogger [main] Started StudentsControllerTest in 6.704 seconds (JVM running for 8.682)
2019-05-30 18:43:06,559 |  | INFO com.everis.ejercicio1.configlogg.Slf4jMdcFilter [main] Sí está vacío.
2019-05-30 18:43:06,561 | 1D0383C48D58411CBA17C26E1A8CCBD7 | INFO com.everis.ejercicio1.configlogg.Slf4jMdcFilter [main] responseHeader no está vacío.
2019-05-30 18:44:15,287 |  | INFO org.springframework.boot.SpringApplication [main] No active profile set, falling back to default profiles: default
2019-05-30 18:44:18,943 |  | INFO org.springframework.boot.StartupInfoLogger [main] Started StudentsControllerTest in 6.23 seconds (JVM running for 8.187)
2019-05-30 18:44:19,001 |  | INFO com.everis.ejercicio1.configlogg.Slf4jMdcFilter [main] Sí está vacío.
2019-05-30 18:44:19,004 | 53BEE193899F43F0843322EBD01F7E89 | INFO com.everis.ejercicio1.configlogg.Slf4jMdcFilter [main] responseHeader no está vacío.
2019-05-30 18:48:43,922 |  | INFO org.springframework.boot.SpringApplication [main] No active profile set, falling back to default profiles: default
2019-05-30 18:48:47,522 |  | INFO org.springframework.boot.StartupInfoLogger [main] Started StudentsControllerTest in 6.668 seconds (JVM running for 8.553)
2019-05-30 18:48:47,609 |  | INFO com.everis.ejercicio1.configlogg.Slf4jMdcFilter [main] Sí está vacío.
2019-05-30 18:48:47,612 | 59D3E5E2632E40689130F373A00BE2DF | INFO com.everis.ejercicio1.configlogg.Slf4jMdcFilter [main] responseHeader no está vacío.
2019-05-30 18:51:11,360 |  | INFO org.springframework.boot.SpringApplication [main] No active profile set, falling back to default profiles: default
2019-05-30 18:51:14,717 |  | INFO org.springframework.boot.StartupInfoLogger [main] Started StudentsControllerTest in 6.094 seconds (JVM running for 7.892)
2019-05-30 18:51:14,808 |  | INFO com.everis.ejercicio1.configlogg.Slf4jMdcFilter [main] Sí está vacío.
2019-05-30 18:51:14,809 | 78ADF59F4C7241A58C0F3F80BE1A993C | INFO com.everis.ejercicio1.configlogg.Slf4jMdcFilter [main] responseHeader no está vacío.
2019-05-30 19:04:47,763 |  | INFO org.springframework.boot.SpringApplication [main] No active profile set, falling back to default profiles: default
2019-05-30 19:04:51,269 |  | INFO org.springframework.boot.StartupInfoLogger [main] Started StudentsControllerTest in 6.331 seconds (JVM running for 8.242)
2019-05-30 19:04:51,429 |  | INFO com.everis.ejercicio1.configlogg.Slf4jMdcFilter [main] Sí está vacío.
2019-05-30 19:04:51,429 | 5CC627680EAB407DA596934015A0B23E | INFO com.everis.ejercicio1.configlogg.Slf4jMdcFilter [main] responseHeader no está vacío.
2019-05-30 19:07:04,916 |  | INFO org.springframework.boot.SpringApplication [main] No active profile set, falling back to default profiles: default
2019-05-30 19:07:08,068 |  | INFO org.springframework.boot.StartupInfoLogger [main] Started StudentsControllerTest in 5.809 seconds (JVM running for 7.652)
2019-05-30 19:07:08,159 |  | INFO com.everis.ejercicio1.configlogg.Slf4jMdcFilter [main] Sí está vacío.
2019-05-30 19:07:08,160 | 30F025D543B94F43B7D67275F10798FD | INFO com.everis.ejercicio1.configlogg.Slf4jMdcFilter [main] responseHeader no está vacío.
2019-05-30 19:08:40,865 |  | INFO org.springframework.boot.SpringApplication [main] No active profile set, falling back to default profiles: default
2019-05-30 19:08:44,251 |  | INFO org.springframework.boot.StartupInfoLogger [main] Started StudentsControllerTest in 6.22 seconds (JVM running for 7.777)
2019-05-30 19:09:09,758 |  | INFO org.springframework.boot.SpringApplication [main] No active profile set, falling back to default profiles: default
2019-05-30 19:09:12,952 |  | INFO org.springframework.boot.StartupInfoLogger [main] Started StudentsControllerTest in 5.933 seconds (JVM running for 7.909)
2019-05-30 19:09:42,006 |  | INFO org.springframework.boot.SpringApplication [main] No active profile set, falling back to default profiles: default
2019-05-30 19:09:45,950 |  | INFO org.springframework.boot.StartupInfoLogger [main] Started StudentsControllerTest in 6.611 seconds (JVM running for 8.583)
2019-05-30 19:10:07,199 |  | INFO org.springframework.boot.SpringApplication [main] No active profile set, falling back to default profiles: default
2019-05-30 19:10:10,524 |  | INFO org.springframework.boot.StartupInfoLogger [main] Started StudentsControllerTest in 5.805 seconds (JVM running for 7.805)
2019-05-30 19:10:10,607 |  | INFO com.everis.ejercicio1.configlogg.Slf4jMdcFilter [main] Sí está vacío.
2019-05-30 19:10:10,608 | 1EA43BBCD9734AE9ACF2676DC26D0739 | INFO com.everis.ejercicio1.configlogg.Slf4jMdcFilter [main] responseHeader no está vacío.
2019-05-30 19:10:48,377 |  | INFO org.springframework.boot.SpringApplication [main] No active profile set, falling back to default profiles: default
2019-05-30 19:10:51,822 |  | INFO org.springframework.boot.StartupInfoLogger [main] Started StudentsControllerTest in 6.574 seconds (JVM running for 8.3)
2019-05-30 19:10:51,915 |  | INFO com.everis.ejercicio1.configlogg.Slf4jMdcFilter [main] Sí está vacío.
2019-05-30 19:10:51,920 | B808DA75AA044B8B9C0CE8B27D7F894A | INFO com.everis.ejercicio1.configlogg.Slf4jMdcFilter [main] responseHeader no está vacío.
2019-05-30 19:18:38,236 |  | INFO org.springframework.boot.SpringApplication [main] No active profile set, falling back to default profiles: default
2019-05-30 19:18:41,692 |  | INFO org.springframework.boot.StartupInfoLogger [main] Started StudentsControllerTest in 6.121 seconds (JVM running for 7.97)
2019-05-30 19:19:05,261 |  | INFO org.springframework.boot.SpringApplication [main] No active profile set, falling back to default profiles: default
2019-05-30 19:19:08,686 |  | INFO org.springframework.boot.StartupInfoLogger [main] Started StudentsControllerTest in 6.133 seconds (JVM running for 8.03)
2019-05-30 19:19:08,773 |  | INFO com.everis.ejercicio1.configlogg.Slf4jMdcFilter [main] Sí está vacío.
2019-05-30 19:19:08,774 | 023C28CBD86A4829A9999C8F616547A7 | INFO com.everis.ejercicio1.configlogg.Slf4jMdcFilter [main] responseHeader no está vacío.
2019-05-30 19:19:32,514 |  | INFO org.springframework.boot.SpringApplication [main] No active profile set, falling back to default profiles: default
2019-05-30 19:19:36,006 |  | INFO org.springframework.boot.StartupInfoLogger [main] Started StudentsControllerTest in 6.472 seconds (JVM running for 7.949)
2019-05-30 19:19:36,100 |  | INFO com.everis.ejercicio1.configlogg.Slf4jMdcFilter [main] Sí está vacío.
2019-05-30 19:19:36,100 | AADE2778EB504F5F96B2F2382A21B817 | INFO com.everis.ejercicio1.configlogg.Slf4jMdcFilter [main] responseHeader no está vacío.
2019-05-30 19:21:36,804 |  | INFO org.springframework.boot.SpringApplication [main] No active profile set, falling back to default profiles: default
2019-05-30 19:21:40,086 |  | INFO org.springframework.boot.StartupInfoLogger [main] Started StudentsControllerTest in 6.096 seconds (JVM running for 7.907)
2019-05-30 19:22:28,553 |  | INFO org.springframework.boot.SpringApplication [main] No active profile set, falling back to default profiles: default
2019-05-30 19:22:31,958 |  | INFO org.springframework.boot.StartupInfoLogger [main] Started StudentsControllerTest in 6.203 seconds (JVM running for 8.034)
2019-05-30 19:22:32,114 |  | INFO com.everis.ejercicio1.configlogg.Slf4jMdcFilter [main] Sí está vacío.
2019-05-30 19:22:32,114 | 7A4787B80B9C4441987A5EC52E6535FB | INFO com.everis.ejercicio1.configlogg.Slf4jMdcFilter [main] responseHeader no está vacío.
2019-05-30 19:23:06,024 |  | INFO org.springframework.boot.SpringApplication [main] No active profile set, falling back to default profiles: default
2019-05-30 19:23:09,360 |  | INFO org.springframework.boot.StartupInfoLogger [main] Started StudentsControllerTest in 5.859 seconds (JVM running for 7.667)
2019-05-30 19:23:09,456 |  | INFO com.everis.ejercicio1.configlogg.Slf4jMdcFilter [main] Sí está vacío.
2019-05-30 19:23:09,457 | 7BAE6E0E87934C4EAB494FCDD9508711 | INFO com.everis.ejercicio1.configlogg.Slf4jMdcFilter [main] responseHeader no está vacío.
2019-05-30 19:23:24,653 |  | INFO org.springframework.boot.SpringApplication [main] No active profile set, falling back to default profiles: default
2019-05-30 19:23:27,983 |  | INFO org.springframework.boot.StartupInfoLogger [main] Started StudentsControllerTest in 6.352 seconds (JVM running for 7.916)
2019-05-30 19:23:28,074 |  | INFO com.everis.ejercicio1.configlogg.Slf4jMdcFilter [main] Sí está vacío.
2019-05-30 19:23:28,075 | 7104621EA95B4381A1F0F0B91018D803 | INFO com.everis.ejercicio1.configlogg.Slf4jMdcFilter [main] responseHeader no está vacío.
2019-05-30 19:24:04,162 |  | INFO org.springframework.boot.SpringApplication [main] No active profile set, falling back to default profiles: default
2019-05-30 19:24:07,384 |  | INFO org.springframework.boot.StartupInfoLogger [main] Started StudentsControllerTest in 5.874 seconds (JVM running for 7.676)
2019-05-30 19:24:07,494 |  | INFO com.everis.ejercicio1.configlogg.Slf4jMdcFilter [main] Sí está vacío.
2019-05-30 19:24:07,525 | 28568FD3496F450DA2C42BB4D4DBE69F | INFO com.everis.ejercicio1.configlogg.Slf4jMdcFilter [main] responseHeader no está vacío.
2019-05-30 19:25:05,851 |  | INFO org.springframework.boot.SpringApplication [main] No active profile set, falling back to default profiles: default
2019-05-30 19:25:09,276 |  | INFO org.springframework.boot.StartupInfoLogger [main] Started StudentsControllerTest in 6.061 seconds (JVM running for 8.083)
2019-05-30 19:25:09,366 |  | INFO com.everis.ejercicio1.configlogg.Slf4jMdcFilter [main] Sí está vacío.
2019-05-30 19:25:09,370 | F0F812CBC7114160ACEDB06A8225ADAD | INFO com.everis.ejercicio1.configlogg.Slf4jMdcFilter [main] responseHeader no está vacío.
2019-05-30 19:26:09,256 |  | INFO org.springframework.boot.SpringApplication [main] No active profile set, falling back to default profiles: default
2019-05-30 19:26:12,682 |  | INFO org.springframework.boot.StartupInfoLogger [main] Started StudentsControllerTest in 6.28 seconds (JVM running for 7.908)
2019-05-30 19:26:12,782 |  | INFO com.everis.ejercicio1.configlogg.Slf4jMdcFilter [main] Sí está vacío.
2019-05-30 19:26:12,782 | 378A2CA529C849C0A0FE79FE36187D2D | INFO com.everis.ejercicio1.configlogg.Slf4jMdcFilter [main] responseHeader no está vacío.
2019-05-30 19:26:45,220 |  | INFO org.springframework.boot.SpringApplication [main] No active profile set, falling back to default profiles: default
2019-05-30 19:26:48,404 |  | INFO org.springframework.boot.StartupInfoLogger [main] Started StudentsControllerTest in 6.357 seconds (JVM running for 7.936)
2019-05-30 19:26:48,469 |  | INFO com.everis.ejercicio1.configlogg.Slf4jMdcFilter [main] Sí está vacío.
2019-05-30 19:26:48,470 | EBF4D418D5F04F0B84D5BB8D7276398E | INFO com.everis.ejercicio1.configlogg.Slf4jMdcFilter [main] responseHeader no está vacío.
2019-05-30 19:26:59,634 |  | INFO org.springframework.boot.SpringApplication [main] No active profile set, falling back to default profiles: default
2019-05-30 19:27:02,993 |  | INFO org.springframework.boot.StartupInfoLogger [main] Started StudentsControllerTest in 6.072 seconds (JVM running for 8.332)
2019-05-30 19:27:03,146 |  | INFO com.everis.ejercicio1.configlogg.Slf4jMdcFilter [main] Sí está vacío.
2019-05-30 19:27:03,147 | 2833720027234C73BBCC46D42AEE53BC | INFO com.everis.ejercicio1.configlogg.Slf4jMdcFilter [main] responseHeader no está vacío.
2019-05-30 19:27:36,501 |  | INFO org.springframework.boot.SpringApplication [main] No active profile set, falling back to default profiles: default
2019-05-30 19:27:39,973 |  | INFO org.springframework.boot.StartupInfoLogger [main] Started StudentsControllerTest in 6.32 seconds (JVM running for 8.115)
2019-05-30 19:27:40,154 |  | INFO com.everis.ejercicio1.configlogg.Slf4jMdcFilter [main] Sí está vacío.
2019-05-30 19:27:40,163 | 38C48C9E2A9245A7A291FF9E54E92C74 | INFO com.everis.ejercicio1.configlogg.Slf4jMdcFilter [main] responseHeader no está vacío.
2019-05-30 19:28:48,848 |  | INFO org.springframework.boot.SpringApplication [main] No active profile set, falling back to default profiles: default
2019-05-30 19:28:52,317 |  | INFO org.springframework.boot.StartupInfoLogger [main] Started StudentsControllerTest in 6.433 seconds (JVM running for 8.157)
2019-05-30 19:28:52,491 |  | INFO com.everis.ejercicio1.configlogg.Slf4jMdcFilter [main] Sí está vacío.
2019-05-30 19:28:52,492 | EAC62D168941402AB3144106277A6EFB | INFO com.everis.ejercicio1.configlogg.Slf4jMdcFilter [main] responseHeader no está vacío.
2019-05-30 19:32:27,324 |  | INFO org.springframework.boot.SpringApplication [main] No active profile set, falling back to default profiles: default
2019-05-30 19:32:31,095 |  | INFO org.springframework.boot.StartupInfoLogger [main] Started StudentsControllerTest in 7.242 seconds (JVM running for 8.806)
2019-05-30 19:32:31,207 |  | INFO com.everis.ejercicio1.configlogg.Slf4jMdcFilter [main] Sí está vacío.
2019-05-30 19:32:31,208 | E5E34D53F62F4845BB6D979CFE737976 | INFO com.everis.ejercicio1.configlogg.Slf4jMdcFilter [main] responseHeader no está vacío.
2019-05-30 19:38:07,480 |  | INFO org.springframework.boot.SpringApplication [main] No active profile set, falling back to default profiles: default
2019-05-30 19:38:11,158 |  | INFO org.springframework.boot.StartupInfoLogger [main] Started StudentsControllerTest in 6.91 seconds (JVM running for 8.921)
2019-05-30 19:38:11,337 |  | INFO com.everis.ejercicio1.configlogg.Slf4jMdcFilter [main] Sí está vacío.
2019-05-30 19:38:11,349 | 38311158877D4475BB43CEE034DF6061 | INFO com.everis.ejercicio1.configlogg.Slf4jMdcFilter [main] responseHeader no está vacío.
2019-05-30 19:40:07,845 |  | INFO org.springframework.boot.SpringApplication [main] No active profile set, falling back to default profiles: default
2019-05-30 19:40:11,434 |  | INFO org.springframework.boot.StartupInfoLogger [main] Started StudentsControllerTest in 6.663 seconds (JVM running for 8.317)
2019-05-30 19:40:11,526 |  | INFO com.everis.ejercicio1.configlogg.Slf4jMdcFilter [main] Sí está vacío.
2019-05-30 19:40:11,526 | B6658CC4E2F04F31A2635B7FD2B56FE4 | INFO com.everis.ejercicio1.configlogg.Slf4jMdcFilter [main] responseHeader no está vacío.
2019-05-30 19:40:38,034 |  | INFO org.springframework.boot.SpringApplication [main] No active profile set, falling back to default profiles: default
2019-05-30 19:40:41,794 |  | INFO org.springframework.boot.StartupInfoLogger [main] Started StudentsControllerTest in 6.539 seconds (JVM running for 8.227)
2019-05-30 19:40:41,903 |  | INFO com.everis.ejercicio1.configlogg.Slf4jMdcFilter [main] Sí está vacío.
2019-05-30 19:40:41,903 | 1D91B564188F42BEA526B258D770D033 | INFO com.everis.ejercicio1.configlogg.Slf4jMdcFilter [main] responseHeader no está vacío.
2019-05-30 19:42:09,012 |  | INFO org.springframework.boot.SpringApplication [main] No active profile set, falling back to default profiles: default
2019-05-30 19:42:12,395 |  | INFO org.springframework.boot.StartupInfoLogger [main] Started StudentsControllerTest in 6.033 seconds (JVM running for 8.1)
2019-05-30 19:42:12,485 |  | INFO com.everis.ejercicio1.configlogg.Slf4jMdcFilter [main] Sí está vacío.
2019-05-30 19:42:12,486 | B15A1649834444ED8CE4D475004665D1 | INFO com.everis.ejercicio1.configlogg.Slf4jMdcFilter [main] responseHeader no está vacío.
2019-05-30 19:43:09,921 |  | INFO org.springframework.boot.SpringApplication [main] No active profile set, falling back to default profiles: default
2019-05-30 19:43:13,091 |  | INFO org.springframework.boot.StartupInfoLogger [main] Started StudentsControllerTest in 6.386 seconds (JVM running for 8.014)
2019-05-30 19:43:13,182 |  | INFO com.everis.ejercicio1.configlogg.Slf4jMdcFilter [main] Sí está vacío.
2019-05-30 19:43:13,183 | 71F9327BE6874D36ADD04C1FC1CA426D | INFO com.everis.ejercicio1.configlogg.Slf4jMdcFilter [main] responseHeader no está vacío.
2019-05-30 19:44:54,867 |  | INFO org.springframework.boot.SpringApplication [main] No active profile set, falling back to default profiles: default
2019-05-30 19:44:58,108 |  | INFO org.springframework.boot.StartupInfoLogger [main] Started StudentsControllerTest in 5.961 seconds (JVM running for 7.897)
2019-05-30 19:44:58,223 |  | INFO com.everis.ejercicio1.configlogg.Slf4jMdcFilter [main] Sí está vacío.
2019-05-30 19:44:58,225 | E2AAF7452B93494689B2B1C533498EFE | INFO com.everis.ejercicio1.configlogg.Slf4jMdcFilter [main] responseHeader no está vacío.
2019-05-30 19:45:59,417 |  | INFO org.springframework.boot.SpringApplication [main] No active profile set, falling back to default profiles: default
2019-05-30 19:46:02,859 |  | INFO org.springframework.boot.StartupInfoLogger [main] Started StudentsControllerTest in 6.376 seconds (JVM running for 8.002)
2019-05-30 19:46:02,936 |  | INFO com.everis.ejercicio1.configlogg.Slf4jMdcFilter [main] Sí está vacío.
2019-05-30 19:46:02,937 | 1EE9876C97EC4A448FB99A72B70DB552 | INFO com.everis.ejercicio1.configlogg.Slf4jMdcFilter [main] responseHeader no está vacío.
2019-05-30 19:46:34,811 |  | INFO org.springframework.boot.SpringApplication [main] No active profile set, falling back to default profiles: default
2019-05-30 19:46:38,654 |  | INFO org.springframework.boot.StartupInfoLogger [main] Started StudentsControllerTest in 6.681 seconds (JVM running for 8.396)
2019-05-30 19:46:38,722 |  | INFO com.everis.ejercicio1.configlogg.Slf4jMdcFilter [main] Sí está vacío.
2019-05-30 19:46:38,726 | ACFECCC131664417AC86A0962437E987 | INFO com.everis.ejercicio1.configlogg.Slf4jMdcFilter [main] responseHeader no está vacío.
2019-05-30 19:47:23,652 |  | INFO org.springframework.boot.SpringApplication [main] No active profile set, falling back to default profiles: default
2019-05-30 19:47:27,154 |  | INFO org.springframework.boot.StartupInfoLogger [main] Started StudentsControllerTest in 6.487 seconds (JVM running for 8.263)
2019-05-30 19:47:27,311 |  | INFO com.everis.ejercicio1.configlogg.Slf4jMdcFilter [main] Sí está vacío.
2019-05-30 19:47:27,311 | E15926BCCFF84CCF916AB608FACAD406 | INFO com.everis.ejercicio1.configlogg.Slf4jMdcFilter [main] responseHeader no está vacío.
2019-05-30 19:51:21,465 |  | INFO org.springframework.boot.SpringApplication [main] No active profile set, falling back to default profiles: default
2019-05-30 19:51:24,918 |  | INFO org.springframework.boot.StartupInfoLogger [main] Started StudentsControllerTest in 6.006 seconds (JVM running for 7.84)
2019-05-30 19:51:25,004 |  | INFO com.everis.ejercicio1.configlogg.Slf4jMdcFilter [main] Sí está vacío.
2019-05-30 19:51:25,005 | 5FEE15CD73F842FC8434C06873D4399F | INFO com.everis.ejercicio1.configlogg.Slf4jMdcFilter [main] responseHeader no está vacío.
2019-05-30 19:53:34,677 |  | INFO org.springframework.boot.SpringApplication [main] No active profile set, falling back to default profiles: default
2019-05-30 19:53:37,892 |  | INFO org.springframework.boot.StartupInfoLogger [main] Started StudentsControllerTest in 5.884 seconds (JVM running for 7.629)
2019-05-30 19:53:37,984 |  | INFO com.everis.ejercicio1.configlogg.Slf4jMdcFilter [main] Sí está vacío.
2019-05-30 19:53:37,986 | F0DEACAAE8664B90A6CD855286FB58B7 | INFO com.everis.ejercicio1.configlogg.Slf4jMdcFilter [main] responseHeader no está vacío.
2019-05-30 19:54:44,673 |  | INFO org.springframework.boot.SpringApplication [main] No active profile set, falling back to default profiles: default
2019-05-30 19:54:48,107 |  | INFO org.springframework.boot.StartupInfoLogger [main] Started StudentsControllerTest in 6.669 seconds (JVM running for 8.39)
2019-05-30 19:54:48,191 |  | INFO com.everis.ejercicio1.configlogg.Slf4jMdcFilter [main] Sí está vacío.
2019-05-30 19:54:48,194 | 99624BC56BFF416D9193CFA2C1EF12C0 | INFO com.everis.ejercicio1.configlogg.Slf4jMdcFilter [main] responseHeader no está vacío.
2019-05-30 19:54:48,225 | 99624BC56BFF416D9193CFA2C1EF12C0 | INFO com.everis.ejercicio1.controller.RestStudentsController [main] lista ok
2019-05-30 19:57:59,299 |  | INFO org.springframework.boot.SpringApplication [main] No active profile set, falling back to default profiles: default
2019-05-30 19:58:02,646 |  | INFO org.springframework.boot.StartupInfoLogger [main] Started StudentsControllerTest in 6.194 seconds (JVM running for 7.919)
2019-05-30 19:58:02,749 |  | INFO com.everis.ejercicio1.configlogg.Slf4jMdcFilter [main] Sí está vacío.
2019-05-30 19:58:02,750 | 8372EB6528DD420F8BC0389F339BF64D | INFO com.everis.ejercicio1.configlogg.Slf4jMdcFilter [main] responseHeader no está vacío.
2019-05-30 19:58:02,784 | 8372EB6528DD420F8BC0389F339BF64D | INFO com.everis.ejercicio1.controller.RestStudentsController [main] lista ok
2019-05-30 19:59:03,799 |  | INFO org.springframework.boot.SpringApplication [main] No active profile set, falling back to default profiles: default
2019-05-30 19:59:07,588 |  | INFO org.springframework.boot.StartupInfoLogger [main] Started StudentsControllerTest in 6.6 seconds (JVM running for 8.431)
2019-05-30 20:02:21,152 |  | INFO org.springframework.boot.SpringApplication [main] No active profile set, falling back to default profiles: default
2019-05-30 20:02:24,550 |  | INFO org.springframework.boot.StartupInfoLogger [main] Started StudentsControllerTest in 6.511 seconds (JVM running for 8.31)
2019-05-30 20:03:12,906 |  | INFO org.springframework.boot.SpringApplication [main] No active profile set, falling back to default profiles: default
2019-05-30 20:03:16,216 |  | INFO org.springframework.boot.StartupInfoLogger [main] Started StudentsControllerTest in 6.528 seconds (JVM running for 8.417)
2019-05-30 20:03:58,049 |  | INFO org.springframework.boot.SpringApplication [main] No active profile set, falling back to default profiles: default
2019-05-30 20:04:01,306 |  | INFO org.springframework.boot.StartupInfoLogger [main] Started StudentsControllerTest in 6.177 seconds (JVM running for 7.78)
2019-05-30 20:04:01,361 |  | INFO com.everis.ejercicio1.configlogg.Slf4jMdcFilter [main] Sí está vacío.
2019-05-30 20:04:01,363 | 7B2BE117EB3C4BE4A70C9E1667B1B5AA | INFO com.everis.ejercicio1.configlogg.Slf4jMdcFilter [main] responseHeader no está vacío.
2019-05-30 20:04:01,590 |  | INFO com.everis.ejercicio1.configlogg.Slf4jMdcFilter [main] Sí está vacío.
2019-05-30 20:04:01,590 | AC76C1ED44C949A98DA2A7DCF9383F0C | INFO com.everis.ejercicio1.configlogg.Slf4jMdcFilter [main] responseHeader no está vacío.
2019-05-30 20:04:01,592 | AC76C1ED44C949A98DA2A7DCF9383F0C | INFO com.everis.ejercicio1.controller.RestStudentsController [main] lista ok
2019-05-30 20:04:01,643 |  | INFO com.everis.ejercicio1.configlogg.Slf4jMdcFilter [main] Sí está vacío.
2019-05-30 20:04:01,644 | EECE81F6D9574FE18830149564B8FDC3 | INFO com.everis.ejercicio1.configlogg.Slf4jMdcFilter [main] responseHeader no está vacío.
2019-05-30 20:07:53,237 |  | INFO org.springframework.boot.SpringApplication [main] No active profile set, falling back to default profiles: default
2019-05-30 20:07:56,383 |  | INFO org.springframework.boot.StartupInfoLogger [main] Started StudentsControllerTest in 6.053 seconds (JVM running for 7.955)
2019-05-30 20:09:41,970 |  | INFO org.springframework.boot.SpringApplication [main] No active profile set, falling back to default profiles: default
2019-05-30 20:09:45,543 |  | INFO org.springframework.boot.StartupInfoLogger [main] Started StudentsControllerTest in 6.517 seconds (JVM running for 7.979)
2019-05-30 20:12:16,903 |  | INFO org.springframework.boot.SpringApplication [main] No active profile set, falling back to default profiles: default
2019-05-30 20:12:20,080 |  | INFO org.springframework.boot.StartupInfoLogger [main] Started ParentsControllerTest in 5.79 seconds (JVM running for 7.725)
2019-05-30 20:12:20,246 |  | INFO com.everis.ejercicio1.configlogg.Slf4jMdcFilter [main] Sí está vacío.
2019-05-30 20:12:20,247 | 65BA958161594275854F3D52FA4A874D | INFO com.everis.ejercicio1.configlogg.Slf4jMdcFilter [main] responseHeader no está vacío.
2019-05-30 20:14:02,064 |  | INFO org.springframework.boot.SpringApplication [main] No active profile set, falling back to default profiles: default
2019-05-30 20:14:06,289 |  | INFO org.springframework.boot.StartupInfoLogger [main] Started ParentsControllerTest in 7.663 seconds (JVM running for 9.319)
2019-05-30 20:16:18,805 |  | INFO org.springframework.boot.SpringApplication [main] No active profile set, falling back to default profiles: default
2019-05-30 20:16:23,634 |  | INFO org.springframework.boot.StartupInfoLogger [main] Started ParentsControllerTest in 14.059 seconds (JVM running for 18.594)
2019-05-30 20:16:23,903 |  | INFO com.everis.ejercicio1.configlogg.Slf4jMdcFilter [main] Sí está vacío.
2019-05-30 20:16:23,904 | D28B232B0C27435C8277B98C604C3C01 | INFO com.everis.ejercicio1.configlogg.Slf4jMdcFilter [main] responseHeader no está vacío.
2019-05-30 20:17:35,359 |  | INFO org.springframework.boot.SpringApplication [main] No active profile set, falling back to default profiles: default
2019-05-30 20:17:58,435 |  | INFO org.springframework.boot.StartupInfoLogger [main] Started ParentsControllerTest in 27.211 seconds (JVM running for 29.262)
2019-05-30 20:17:58,637 |  | INFO com.everis.ejercicio1.configlogg.Slf4jMdcFilter [main] Sí está vacío.
2019-05-30 20:17:58,638 | C0645942AF0349928AA62F6A114DFA3C | INFO com.everis.ejercicio1.configlogg.Slf4jMdcFilter [main] responseHeader no está vacío.
2019-05-30 20:24:56,792 |  | INFO org.springframework.boot.SpringApplication [main] No active profile set, falling back to default profiles: default
2019-05-30 20:25:00,818 |  | INFO org.springframework.boot.StartupInfoLogger [main] Started ParentsControllerTest in 10.003 seconds (JVM running for 13.547)
2019-05-30 20:25:01,008 |  | INFO com.everis.ejercicio1.configlogg.Slf4jMdcFilter [main] Sí está vacío.
2019-05-30 20:25:01,009 | 7B125E6A281F41D8A4003072B6074040 | INFO com.everis.ejercicio1.configlogg.Slf4jMdcFilter [main] responseHeader no está vacío.
2019-05-30 20:25:35,214 |  | INFO org.springframework.boot.SpringApplication [main] No active profile set, falling back to default profiles: default
2019-05-30 20:25:38,883 |  | INFO org.springframework.boot.StartupInfoLogger [main] Started ParentsControllerTest in 6.411 seconds (JVM running for 8.297)
2019-05-30 20:25:39,223 |  | INFO com.everis.ejercicio1.configlogg.Slf4jMdcFilter [main] Sí está vacío.
2019-05-30 20:25:39,224 | C674965A141549D19ABEF5FAFBE01448 | INFO com.everis.ejercicio1.configlogg.Slf4jMdcFilter [main] responseHeader no está vacío.
2019-05-30 20:25:52,366 |  | INFO org.springframework.boot.SpringApplication [main] No active profile set, falling back to default profiles: default
2019-05-30 20:25:55,730 |  | INFO org.springframework.boot.StartupInfoLogger [main] Started ParentsControllerTest in 6.476 seconds (JVM running for 8.062)
2019-05-30 20:25:55,818 |  | INFO com.everis.ejercicio1.configlogg.Slf4jMdcFilter [main] Sí está vacío.
2019-05-30 20:25:55,819 | 58D0434254A4433894B3FE3B5C6E0644 | INFO com.everis.ejercicio1.configlogg.Slf4jMdcFilter [main] responseHeader no está vacío.
2019-05-30 20:25:56,109 |  | INFO com.everis.ejercicio1.configlogg.Slf4jMdcFilter [main] Sí está vacío.
2019-05-30 20:25:56,110 | D2EB1FB359724DC7BFF67BE9AF470644 | INFO com.everis.ejercicio1.configlogg.Slf4jMdcFilter [main] responseHeader no está vacío.
2019-05-30 20:25:56,132 |  | INFO com.everis.ejercicio1.configlogg.Slf4jMdcFilter [main] Sí está vacío.
2019-05-30 20:25:56,133 | 0852166DD1954D7F971C9B74EE4F326A | INFO com.everis.ejercicio1.configlogg.Slf4jMdcFilter [main] responseHeader no está vacío.
2019-05-30 20:25:56,429 |  | INFO com.everis.ejercicio1.configlogg.Slf4jMdcFilter [main] Sí está vacío.
2019-05-30 20:25:56,429 | E992C40D736443F083AFD61A3E821C07 | INFO com.everis.ejercicio1.configlogg.Slf4jMdcFilter [main] responseHeader no está vacío.
2019-05-30 20:25:56,439 |  | INFO com.everis.ejercicio1.configlogg.Slf4jMdcFilter [main] Sí está vacío.
2019-05-30 20:25:56,439 | F8C5E6CD3CD440959FB6280D75E5E260 | INFO com.everis.ejercicio1.configlogg.Slf4jMdcFilter [main] responseHeader no está vacío.
2019-05-30 20:25:56,441 | F8C5E6CD3CD440959FB6280D75E5E260 | INFO com.everis.ejercicio1.controller.RestParentsController [main] listado de parientes
2019-05-30 20:26:35,246 |  | INFO org.springframework.boot.SpringApplication [main] No active profile set, falling back to default profiles: default
2019-05-30 20:26:38,574 |  | INFO org.springframework.boot.StartupInfoLogger [main] Started StudentsControllerTest in 6.05 seconds (JVM running for 8.006)
2019-05-30 20:27:18,063 |  | INFO org.springframework.boot.SpringApplication [main] No active profile set, falling back to default profiles: default
2019-05-30 20:27:21,507 |  | INFO org.springframework.boot.StartupInfoLogger [main] Started StudentsControllerTest in 6.659 seconds (JVM running for 8.28)
2019-05-30 20:27:21,691 |  | INFO com.everis.ejercicio1.configlogg.Slf4jMdcFilter [main] Sí está vacío.
2019-05-30 20:27:21,692 | C8F8AEBBDDB640FC875877B845BB0417 | INFO com.everis.ejercicio1.configlogg.Slf4jMdcFilter [main] responseHeader no está vacío.
2019-05-30 20:27:49,369 |  | INFO org.springframework.boot.SpringApplication [main] No active profile set, falling back to default profiles: default
2019-05-30 20:27:52,770 |  | INFO org.springframework.boot.StartupInfoLogger [main] Started StudentsControllerTest in 6.331 seconds (JVM running for 8.051)
2019-05-30 20:27:52,941 |  | INFO com.everis.ejercicio1.configlogg.Slf4jMdcFilter [main] Sí está vacío.
2019-05-30 20:27:52,941 | AF3294B37DB343B38ED98462F265D868 | INFO com.everis.ejercicio1.configlogg.Slf4jMdcFilter [main] responseHeader no está vacío.
2019-05-30 20:28:08,217 |  | INFO org.springframework.boot.SpringApplication [main] No active profile set, falling back to default profiles: default
2019-05-30 20:28:12,142 |  | INFO org.springframework.boot.StartupInfoLogger [main] Started StudentsControllerTest in 6.766 seconds (JVM running for 8.584)
2019-05-30 20:28:12,209 |  | INFO com.everis.ejercicio1.configlogg.Slf4jMdcFilter [main] Sí está vacío.
2019-05-30 20:28:12,211 | 80476F2E490F446C9AF3A81A5A8DC7AA | INFO com.everis.ejercicio1.configlogg.Slf4jMdcFilter [main] responseHeader no está vacío.
2019-05-30 20:28:12,500 |  | INFO com.everis.ejercicio1.configlogg.Slf4jMdcFilter [main] Sí está vacío.
2019-05-30 20:28:12,500 | EB0476C4B1F647DFA0E8833D2AB1963C | INFO com.everis.ejercicio1.configlogg.Slf4jMdcFilter [main] responseHeader no está vacío.
2019-05-30 20:28:12,815 |  | INFO com.everis.ejercicio1.configlogg.Slf4jMdcFilter [main] Sí está vacío.
2019-05-30 20:28:12,816 | EC4F656532EC41EF8D3D4458D95FB4A0 | INFO com.everis.ejercicio1.configlogg.Slf4jMdcFilter [main] responseHeader no está vacío.
2019-05-30 20:28:12,818 | EC4F656532EC41EF8D3D4458D95FB4A0 | INFO com.everis.ejercicio1.controller.RestStudentsController [main] lista ok
2019-05-30 20:28:12,878 |  | INFO com.everis.ejercicio1.configlogg.Slf4jMdcFilter [main] Sí está vacío.
2019-05-30 20:28:12,878 | 930300D2DCF147E0A75D4EB02A9F106D | INFO com.everis.ejercicio1.configlogg.Slf4jMdcFilter [main] responseHeader no está vacío.
2019-05-30 20:29:49,901 |  | INFO org.springframework.boot.SpringApplication [main] No active profile set, falling back to default profiles: default
2019-05-30 20:29:53,499 |  | INFO org.springframework.boot.StartupInfoLogger [main] Started StudentsControllerTest in 6.241 seconds (JVM running for 8.547)
2019-05-30 20:29:53,594 |  | INFO com.everis.ejercicio1.configlogg.Slf4jMdcFilter [main] Sí está vacío.
2019-05-30 20:29:53,596 | FD37FAB44DAD47078C88AA21C0F03420 | INFO com.everis.ejercicio1.configlogg.Slf4jMdcFilter [main] responseHeader no está vacío.
2019-05-30 20:44:47,022 |  | INFO org.springframework.boot.SpringApplication [main] No active profile set, falling back to default profiles: default
2019-05-30 20:44:54,998 |  | INFO org.springframework.boot.StartupInfoLogger [main] Started FamiliesControllerTest in 12.27 seconds (JVM running for 14.011)
2019-05-30 20:44:55,089 |  | INFO com.everis.ejercicio1.configlogg.Slf4jMdcFilter [main] Sí está vacío.
2019-05-30 20:44:55,089 | EA062F91B7954AA78E50DAD42C053881 | INFO com.everis.ejercicio1.configlogg.Slf4jMdcFilter [main] responseHeader no está vacío.
2019-05-30 20:44:55,111 | EA062F91B7954AA78E50DAD42C053881 | INFO com.everis.ejercicio1.controller.RestFamiliesController [main] lista de familias
2019-05-30 20:47:01,636 |  | INFO org.springframework.boot.SpringApplication [main] No active profile set, falling back to default profiles: default
2019-05-30 20:47:05,347 |  | INFO org.springframework.boot.StartupInfoLogger [main] Started FamiliesControllerTest in 6.698 seconds (JVM running for 8.33)
2019-05-30 20:47:05,437 |  | INFO com.everis.ejercicio1.configlogg.Slf4jMdcFilter [main] Sí está vacío.
2019-05-30 20:47:05,442 | 5A0893259DFF4D55A594EA2A8A321738 | INFO com.everis.ejercicio1.configlogg.Slf4jMdcFilter [main] responseHeader no está vacío.
2019-05-30 20:47:05,476 | 5A0893259DFF4D55A594EA2A8A321738 | INFO com.everis.ejercicio1.controller.RestFamiliesController [main] lista de familias
2019-05-30 20:48:07,601 |  | INFO org.springframework.boot.SpringApplication [main] No active profile set, falling back to default profiles: default
2019-05-30 20:48:11,396 |  | INFO org.springframework.boot.StartupInfoLogger [main] Started FamiliesControllerTest in 6.712 seconds (JVM running for 8.26)
2019-05-30 20:48:11,501 |  | INFO com.everis.ejercicio1.configlogg.Slf4jMdcFilter [main] Sí está vacío.
2019-05-30 20:48:11,501 | 56BE02F17A074B80B6C5CB4D0B3EFC00 | INFO com.everis.ejercicio1.configlogg.Slf4jMdcFilter [main] responseHeader no está vacío.
2019-05-30 20:48:11,532 | 56BE02F17A074B80B6C5CB4D0B3EFC00 | INFO com.everis.ejercicio1.controller.RestFamiliesController [main] lista de familias
2019-05-30 20:49:26,135 |  | INFO org.springframework.boot.SpringApplication [main] No active profile set, falling back to default profiles: default
2019-05-30 20:49:29,450 |  | INFO org.springframework.boot.StartupInfoLogger [main] Started FamiliesControllerTest in 6.396 seconds (JVM running for 8.112)
2019-05-30 20:49:29,547 |  | INFO com.everis.ejercicio1.configlogg.Slf4jMdcFilter [main] Sí está vacío.
2019-05-30 20:49:29,548 | 77303BCFC2AE4FD597903FE06B641EAA | INFO com.everis.ejercicio1.configlogg.Slf4jMdcFilter [main] responseHeader no está vacío.
2019-05-30 20:49:29,587 | 77303BCFC2AE4FD597903FE06B641EAA | INFO com.everis.ejercicio1.controller.RestFamiliesController [main] lista de familias
2019-05-30 20:57:33,216 |  | INFO org.springframework.boot.SpringApplication [main] No active profile set, falling back to default profiles: default
2019-05-30 20:57:37,432 |  | INFO org.springframework.boot.StartupInfoLogger [main] Started FamiliesControllerTest in 8.827 seconds (JVM running for 12.756)
2019-05-30 20:57:37,524 |  | INFO com.everis.ejercicio1.configlogg.Slf4jMdcFilter [main] Sí está vacío.
2019-05-30 20:57:37,524 | 6BD08A2EB45948DB97056E7A05B9CAE8 | INFO com.everis.ejercicio1.configlogg.Slf4jMdcFilter [main] responseHeader no está vacío.
2019-05-30 20:57:37,558 | 6BD08A2EB45948DB97056E7A05B9CAE8 | INFO com.everis.ejercicio1.controller.RestFamiliesController [main] lista de familias
2019-05-30 20:58:03,743 |  | INFO org.springframework.boot.SpringApplication [main] No active profile set, falling back to default profiles: default
2019-05-30 20:58:07,543 |  | INFO org.springframework.boot.StartupInfoLogger [main] Started FamiliesControllerTest in 7.024 seconds (JVM running for 8.829)
2019-05-30 20:58:07,647 |  | INFO com.everis.ejercicio1.configlogg.Slf4jMdcFilter [main] Sí está vacío.
2019-05-30 20:58:07,647 | FBF9E82611E0438CB56B22FDD9B5DF01 | INFO com.everis.ejercicio1.configlogg.Slf4jMdcFilter [main] responseHeader no está vacío.
2019-05-30 20:58:07,679 | FBF9E82611E0438CB56B22FDD9B5DF01 | INFO com.everis.ejercicio1.controller.RestFamiliesController [main] lista de familias
2019-05-30 21:07:24,972 |  | INFO org.springframework.boot.SpringApplication [main] No active profile set, falling back to default profiles: default
2019-05-30 21:07:28,721 |  | INFO org.springframework.boot.StartupInfoLogger [main] Started FamiliesControllerTest in 6.548 seconds (JVM running for 8.46)
2019-05-30 21:07:28,812 |  | INFO com.everis.ejercicio1.configlogg.Slf4jMdcFilter [main] Sí está vacío.
2019-05-30 21:07:28,813 | 8904BAD5AD924B469E3AC2C2D1A0D5A4 | INFO com.everis.ejercicio1.configlogg.Slf4jMdcFilter [main] responseHeader no está vacío.
2019-05-30 21:07:28,839 | 8904BAD5AD924B469E3AC2C2D1A0D5A4 | INFO com.everis.ejercicio1.controller.RestFamiliesController [main] lista de familias
2019-05-30 21:09:59,214 |  | INFO org.springframework.boot.SpringApplication [main] No active profile set, falling back to default profiles: default
2019-05-30 21:10:02,760 |  | INFO org.springframework.boot.StartupInfoLogger [main] Started FamiliesControllerTest in 6.272 seconds (JVM running for 8.249)
2019-05-30 21:10:02,886 |  | INFO com.everis.ejercicio1.configlogg.Slf4jMdcFilter [main] Sí está vacío.
2019-05-30 21:10:02,894 | B369203982DC4FD8B3FE810469CF119A | INFO com.everis.ejercicio1.configlogg.Slf4jMdcFilter [main] responseHeader no está vacío.
2019-05-30 21:10:02,919 | B369203982DC4FD8B3FE810469CF119A | INFO com.everis.ejercicio1.controller.RestFamiliesController [main] lista de familias
2019-05-30 21:10:47,799 |  | INFO org.springframework.boot.SpringApplication [main] No active profile set, falling back to default profiles: default
2019-05-30 21:10:51,135 |  | INFO org.springframework.boot.StartupInfoLogger [main] Started FamiliesControllerTest in 6.186 seconds (JVM running for 8.069)
2019-05-30 21:10:51,295 |  | INFO com.everis.ejercicio1.configlogg.Slf4jMdcFilter [main] Sí está vacío.
2019-05-30 21:10:51,296 | ADBEEA04111344A5A17318597321C0F8 | INFO com.everis.ejercicio1.configlogg.Slf4jMdcFilter [main] responseHeader no está vacío.
2019-05-30 21:10:51,323 | ADBEEA04111344A5A17318597321C0F8 | INFO com.everis.ejercicio1.controller.RestFamiliesController [main] lista de familias
2019-05-30 21:11:52,381 |  | INFO org.springframework.boot.SpringApplication [main] No active profile set, falling back to default profiles: default
2019-05-30 21:11:55,813 |  | INFO org.springframework.boot.StartupInfoLogger [main] Started FamiliesControllerTest in 6.325 seconds (JVM running for 8.169)
2019-05-30 21:11:55,955 |  | INFO com.everis.ejercicio1.configlogg.Slf4jMdcFilter [main] Sí está vacío.
2019-05-30 21:11:55,956 | D37384B7035A4B0EAA5FB9EF55F07CA1 | INFO com.everis.ejercicio1.configlogg.Slf4jMdcFilter [main] responseHeader no está vacío.
2019-05-30 21:11:55,998 | D37384B7035A4B0EAA5FB9EF55F07CA1 | INFO com.everis.ejercicio1.controller.RestFamiliesController [main] lista de familias
2019-05-30 21:14:34,417 |  | INFO org.springframework.boot.SpringApplication [main] No active profile set, falling back to default profiles: default
2019-05-30 21:14:37,652 |  | INFO org.springframework.boot.StartupInfoLogger [main] Started FamiliesControllerTest in 5.983 seconds (JVM running for 7.889)
2019-05-30 21:14:37,741 |  | INFO com.everis.ejercicio1.configlogg.Slf4jMdcFilter [main] Sí está vacío.
2019-05-30 21:14:37,742 | 6FF0D0F18F2C47818464F72477F5C76D | INFO com.everis.ejercicio1.configlogg.Slf4jMdcFilter [main] responseHeader no está vacío.
2019-05-30 21:14:37,778 | 6FF0D0F18F2C47818464F72477F5C76D | INFO com.everis.ejercicio1.controller.RestFamiliesController [main] lista de familias
2019-05-30 21:16:08,832 |  | INFO org.springframework.boot.SpringApplication [main] No active profile set, falling back to default profiles: default
2019-05-30 21:16:12,725 |  | INFO org.springframework.boot.StartupInfoLogger [main] Started FamiliesControllerTest in 6.682 seconds (JVM running for 8.815)
2019-05-30 21:16:12,847 |  | INFO com.everis.ejercicio1.configlogg.Slf4jMdcFilter [main] Sí está vacío.
2019-05-30 21:16:12,863 | 5E498CC0A01648919C8F0F9D0AF44C2D | INFO com.everis.ejercicio1.configlogg.Slf4jMdcFilter [main] responseHeader no está vacío.
2019-05-30 21:16:12,903 | 5E498CC0A01648919C8F0F9D0AF44C2D | INFO com.everis.ejercicio1.controller.RestFamiliesController [main] lista de familias
2019-05-30 21:17:06,399 |  | INFO org.springframework.boot.SpringApplication [main] No active profile set, falling back to default profiles: default
2019-05-30 21:17:09,720 |  | INFO org.springframework.boot.StartupInfoLogger [main] Started FamiliesControllerTest in 6.645 seconds (JVM running for 8.262)
2019-05-30 21:17:09,811 |  | INFO com.everis.ejercicio1.configlogg.Slf4jMdcFilter [main] Sí está vacío.
2019-05-30 21:17:09,812 | 1ADE87A1BF1C4386AEB24CA3939B04CA | INFO com.everis.ejercicio1.configlogg.Slf4jMdcFilter [main] responseHeader no está vacío.
2019-05-30 21:17:09,840 | 1ADE87A1BF1C4386AEB24CA3939B04CA | INFO com.everis.ejercicio1.controller.RestFamiliesController [main] lista de familias
2019-05-30 21:17:43,163 |  | INFO org.springframework.boot.SpringApplication [main] No active profile set, falling back to default profiles: default
2019-05-30 21:17:46,633 |  | INFO org.springframework.boot.StartupInfoLogger [main] Started FamiliesControllerTest in 6.465 seconds (JVM running for 8.062)
2019-05-30 21:17:46,746 |  | INFO com.everis.ejercicio1.configlogg.Slf4jMdcFilter [main] Sí está vacío.
2019-05-30 21:17:46,747 | 283DA051AF2B4036A97C9E8E60720C6B | INFO com.everis.ejercicio1.configlogg.Slf4jMdcFilter [main] responseHeader no está vacío.
2019-05-30 21:17:46,785 | 283DA051AF2B4036A97C9E8E60720C6B | INFO com.everis.ejercicio1.controller.RestFamiliesController [main] lista de familias
2019-05-30 21:18:57,915 |  | INFO org.springframework.boot.SpringApplication [main] No active profile set, falling back to default profiles: default
2019-05-30 21:19:01,852 |  | INFO org.springframework.boot.StartupInfoLogger [main] Started FamiliesControllerTest in 6.565 seconds (JVM running for 8.327)
2019-05-30 21:19:01,937 |  | INFO com.everis.ejercicio1.configlogg.Slf4jMdcFilter [main] Sí está vacío.
2019-05-30 21:19:01,941 | 7F6308F799D44E1D9370D6C87BF02A4B | INFO com.everis.ejercicio1.configlogg.Slf4jMdcFilter [main] responseHeader no está vacío.
2019-05-30 21:19:01,969 | 7F6308F799D44E1D9370D6C87BF02A4B | INFO com.everis.ejercicio1.controller.RestFamiliesController [main] lista de familias
2019-05-30 21:20:14,028 |  | INFO org.springframework.boot.SpringApplication [main] No active profile set, falling back to default profiles: default
2019-05-30 21:20:17,695 |  | INFO org.springframework.boot.StartupInfoLogger [main] Started FamiliesControllerTest in 6.882 seconds (JVM running for 9.024)
2019-05-30 21:20:17,773 |  | INFO com.everis.ejercicio1.configlogg.Slf4jMdcFilter [main] Sí está vacío.
2019-05-30 21:20:17,773 | C74EEDCE0B8B4737A602FA41566C2861 | INFO com.everis.ejercicio1.configlogg.Slf4jMdcFilter [main] responseHeader no está vacío.
2019-05-30 21:20:17,804 | C74EEDCE0B8B4737A602FA41566C2861 | INFO com.everis.ejercicio1.controller.RestFamiliesController [main] lista de familias
2019-05-30 21:27:25,924 |  | INFO org.springframework.boot.SpringApplication [main] No active profile set, falling back to default profiles: default
2019-05-30 21:27:29,234 |  | INFO org.springframework.boot.StartupInfoLogger [main] Started FamiliesControllerTest in 6.23 seconds (JVM running for 7.781)
2019-05-30 21:27:29,381 |  | INFO com.everis.ejercicio1.configlogg.Slf4jMdcFilter [main] Sí está vacío.
2019-05-30 21:27:29,389 | 678B3FB8F5984565A106A24FF50689F1 | INFO com.everis.ejercicio1.configlogg.Slf4jMdcFilter [main] responseHeader no está vacío.
2019-05-30 21:29:28,021 |  | INFO org.springframework.boot.SpringApplication [main] No active profile set, falling back to default profiles: default
2019-05-30 21:29:31,433 |  | INFO org.springframework.boot.StartupInfoLogger [main] Started FamiliesControllerTest in 6.648 seconds (JVM running for 8.362)
2019-05-30 21:29:31,552 |  | INFO com.everis.ejercicio1.configlogg.Slf4jMdcFilter [main] Sí está vacío.
2019-05-30 21:29:31,567 | 145C18E57A0F4B11AD4C2BB29B146B24 | INFO com.everis.ejercicio1.configlogg.Slf4jMdcFilter [main] responseHeader no está vacío.
2019-05-30 21:30:28,820 |  | INFO org.springframework.boot.SpringApplication [main] No active profile set, falling back to default profiles: default
2019-05-30 21:30:32,799 |  | INFO org.springframework.boot.StartupInfoLogger [main] Started FamiliesControllerTest in 7.029 seconds (JVM running for 8.835)
2019-05-30 21:30:32,904 |  | INFO com.everis.ejercicio1.configlogg.Slf4jMdcFilter [main] Sí está vacío.
2019-05-30 21:30:32,905 | 5AFB02261469455FA15375E212129AC6 | INFO com.everis.ejercicio1.configlogg.Slf4jMdcFilter [main] responseHeader no está vacío.
